{"numTotalTestSuites":17,"numPassedTestSuites":17,"numFailedTestSuites":0,"numPendingTestSuites":0,"numTotalTests":46,"numPassedTests":46,"numFailedTests":0,"numPendingTests":0,"numTodoTests":0,"snapshot":{"added":0,"failure":false,"filesAdded":0,"filesRemoved":0,"filesRemovedList":[],"filesUnmatched":0,"filesUpdated":0,"matched":0,"total":0,"unchecked":0,"uncheckedKeysByFile":[],"unmatched":0,"updated":0,"didUpdate":false},"startTime":1789116276867,"success":true,"testResults":[{"assertionResults":[{"ancestorTitles":[],"fullName":"IT-10 failed real test reopens scoped repair and invalidates all old evidence before retest","status":"passed","title":"IT-10 failed real test reopens scoped repair and invalidates all old evidence before retest","duration":23966.144,"failureMessages":[],"meta":{},"tags":[]}],"startTime":1789116382760,"endTime":1789116406726.144,"status":"passed","message":"","name":"D:/Code/system-handle/tests/integration/check-repair.test.ts"},{"assertionResults":[{"ancestorTitles":[],"fullName":"IT-06/07 three parallel environments use distinct ports, real frontend proxies and isolated persisted data","status":"passed","title":"IT-06/07 three parallel environments use distinct ports, real frontend proxies and isolated persisted data","duration":12018.2242,"failureMessages":[],"meta":{},"tags":[]},{"ancestorTitles":[],"fullName":"IT-07 registered fixture receives only its workflow data namespace before environment readiness","status":"passed","title":"IT-07 registered fixture receives only its workflow data namespace before environment readiness","duration":4713.993799999997,"failureMessages":[],"meta":{},"tags":[]}],"startTime":1789116381562,"endTime":1789116398294.994,"status":"passed","message":"","name":"D:/Code/system-handle/tests/integration/environments.test.ts"},{"assertionResults":[{"ancestorTitles":[],"fullName":"IT-09 Windows Hook preserves Chinese JSON and enforces live run revocation","status":"passed","title":"IT-09 Windows Hook preserves Chinese JSON and enforces live run revocation","duration":14698.199299999998,"failureMessages":[],"meta":{},"tags":[]}],"startTime":1789116408601,"endTime":1789116423299.1992,"status":"passed","message":"","name":"D:/Code/system-handle/tests/integration/hook.test.ts"},{"assertionResults":[{"ancestorTitles":[],"fullName":"IT-08 Windows Host captures Unicode output and terminates job descendants on stop","status":"passed","title":"IT-08 Windows Host captures Unicode output and terminates job descendants on stop","duration":3864.922200000001,"failureMessages":[],"meta":{},"tags":[]},{"ancestorTitles":[],"fullName":"IT-15 one controller owns each state directory and releases ownership on exit","status":"passed","title":"IT-15 one controller owns each state directory and releases ownership on exit","duration":7081.3722,"failureMessages":[],"meta":{},"tags":[]},{"ancestorTitles":[],"fullName":"IT-09 Host preserves large Chinese JSON stdin and escaped Windows paths byte-for-byte","status":"passed","title":"IT-09 Host preserves large Chinese JSON stdin and escaped Windows paths byte-for-byte","duration":4255.511399999999,"failureMessages":[],"meta":{},"tags":[]}],"startTime":1789116282439,"endTime":1789116297640.5115,"status":"passed","message":"","name":"D:/Code/system-handle/tests/integration/process.test.ts"},{"assertionResults":[{"ancestorTitles":[],"fullName":"IT-14 exact multi-repository commit resumes after second branch update fails","status":"passed","title":"IT-14 exact multi-repository commit resumes after second branch update fails","duration":23335.6046,"failureMessages":[],"meta":{},"tags":[]},{"ancestorTitles":[],"fullName":"IT-15 named job reconciliation distinguishes active process trees from terminated ones","status":"passed","title":"IT-15 named job reconciliation distinguishes active process trees from terminated ones","duration":7244.519,"failureMessages":[],"meta":{},"tags":[]}],"startTime":1789116346317,"endTime":1789116376897.519,"status":"passed","message":"","name":"D:/Code/system-handle/tests/integration/recovery.test.ts"},{"assertionResults":[{"ancestorTitles":[],"fullName":"IT-12 repair plan requires new approval and cannot reuse evidence even when source snapshot is identical","status":"passed","title":"IT-12 repair plan requires new approval and cannot reuse evidence even when source snapshot is identical","duration":29915.3441,"failureMessages":[],"meta":{},"tags":[]},{"ancestorTitles":[],"fullName":"IT-04 approved filename cannot write through a hardlink into another directory","status":"passed","title":"IT-04 approved filename cannot write through a hardlink into another directory","duration":2531.872099999993,"failureMessages":[],"meta":{},"tags":[]}],"startTime":1789116282425,"endTime":1789116314872.872,"status":"passed","message":"","name":"D:/Code/system-handle/tests/integration/repair-review.test.ts"},{"assertionResults":[{"ancestorTitles":[],"fullName":"UT-16/17 independent commit gates reject missing approval, stale acceptance, evidence, coverage and changed project configuration","status":"passed","title":"UT-16/17 independent commit gates reject missing approval, stale acceptance, evidence, coverage and changed project configuration","duration":20287.943,"failureMessages":[],"meta":{},"tags":[]}],"startTime":1789116358313,"endTime":1789116378600.943,"status":"passed","message":"","name":"D:/Code/system-handle/tests/integration/review-gates.test.ts"},{"assertionResults":[{"ancestorTitles":[],"fullName":"IT-12 reviewer MCP exposes only read tools and rejects foreign or changed snapshot files","status":"passed","title":"IT-12 reviewer MCP exposes only read tools and rejects foreign or changed snapshot files","duration":9384.3667,"failureMessages":[],"meta":{},"tags":[]}],"startTime":1789116417644,"endTime":1789116427028.3667,"status":"passed","message":"","name":"D:/Code/system-handle/tests/integration/review-reader.test.ts"},{"assertionResults":[{"ancestorTitles":[],"fullName":"IT-04 rejects outside scope, stale writes, hardlinks and freezes writes during tests","status":"passed","title":"IT-04 rejects outside scope, stale writes, hardlinks and freezes writes during tests","duration":2604.1471,"failureMessages":[],"meta":{},"tags":[]},{"ancestorTitles":[],"fullName":"IT-05 independently prepares two worktrees in one shared repository","status":"passed","title":"IT-05 independently prepares two worktrees in one shared repository","duration":2853.9916999999987,"failureMessages":[],"meta":{},"tags":[]},{"ancestorTitles":[],"fullName":"IT-10 snapshot detects source changes and task declarations never substitute for evidence","status":"passed","title":"IT-10 snapshot detects source changes and task declarations never substitute for evidence","duration":5477.1934,"failureMessages":[],"meta":{},"tags":[]},{"ancestorTitles":[],"fullName":"IT-13 pass review commits only the accepted exact tree and leaves a clean index","status":"passed","title":"IT-13 pass review commits only the accepted exact tree and leaves a clean index","duration":11026.1894,"failureMessages":[],"meta":{},"tags":[]},{"ancestorTitles":[],"fullName":"IT-03 API rejects untrusted Host, foreign Origin, missing cookies and planner-as-human","status":"passed","title":"IT-03 API rejects untrusted Host, foreign Origin, missing cookies and planner-as-human","duration":1333.979800000001,"failureMessages":[],"meta":{},"tags":[]},{"ancestorTitles":[],"fullName":"IT-03 MCP exposes planning tools without any human-approval capability","status":"passed","title":"IT-03 MCP exposes planning tools without any human-approval capability","duration":228.65789999999834,"failureMessages":[],"meta":{},"tags":[]},{"ancestorTitles":[],"fullName":"IT-09 large Chinese plan and tool contracts traverse bounded MCP pages without temp-file fallback","status":"passed","title":"IT-09 large Chinese plan and tool contracts traverse bounded MCP pages without temp-file fallback","duration":2925.262299999995,"failureMessages":[],"meta":{},"tags":[]}],"startTime":1789116327539,"endTime":1789116353990.2622,"status":"passed","message":"","name":"D:/Code/system-handle/tests/integration/workflow.test.ts"},{"assertionResults":[{"ancestorTitles":["配置与计划合同"],"fullName":"配置与计划合同 UT-01 rejects unknown keys and invalid model substitutions","status":"passed","title":"UT-01 rejects unknown keys and invalid model substitutions","duration":16.117699999999786,"failureMessages":[],"meta":{},"tags":[]},{"ancestorTitles":["配置与计划合同"],"fullName":"配置与计划合同 UT-02 canonical hash is independent of object key order","status":"passed","title":"UT-02 canonical hash is independent of object key order","duration":28.557200000000194,"failureMessages":[],"meta":{},"tags":[]},{"ancestorTitles":["配置与计划合同"],"fullName":"配置与计划合同 UT-06 validates DAG, test links, layers and diagrams","status":"passed","title":"UT-06 validates DAG, test links, layers and diagrams","duration":16.239599999999882,"failureMessages":[],"meta":{},"tags":[]},{"ancestorTitles":["配置与计划合同"],"fullName":"配置与计划合同 UT-06 rejects absent diagrams and unresolved decisions","status":"passed","title":"UT-06 rejects absent diagrams and unresolved decisions","duration":2.4181999999991604,"failureMessages":[],"meta":{},"tags":[]},{"ancestorTitles":["配置与计划合同"],"fullName":"配置与计划合同 UT-07 blocks traversal and Windows alternate stream paths","status":"passed","title":"UT-07 blocks traversal and Windows alternate stream paths","duration":1.8863000000001193,"failureMessages":[],"meta":{},"tags":[]},{"ancestorTitles":["配置与计划合同"],"fullName":"配置与计划合同 UT-10 parses fragmented multibyte JSONL and final non-newline result","status":"passed","title":"UT-10 parses fragmented multibyte JSONL and final non-newline result","duration":4.591300000000047,"failureMessages":[],"meta":{},"tags":[]},{"ancestorTitles":["配置与计划合同"],"fullName":"配置与计划合同 UT-10 rejects invalid and oversized events","status":"passed","title":"UT-10 rejects invalid and oversized events","duration":1.137499999999818,"failureMessages":[],"meta":{},"tags":[]},{"ancestorTitles":["配置与计划合同"],"fullName":"配置与计划合同 UT-11 binds model and conversation and requires exit success","status":"passed","title":"UT-11 binds model and conversation and requires exit success","duration":1.1452999999992244,"failureMessages":[],"meta":{},"tags":[]},{"ancestorTitles":["配置与计划合同"],"fullName":"配置与计划合同 UT-13 rejects zero tests, skipped tests and missing expected assertions","status":"passed","title":"UT-13 rejects zero tests, skipped tests and missing expected assertions","duration":1.6185999999997875,"failureMessages":[],"meta":{},"tags":[]},{"ancestorTitles":["配置与计划合同"],"fullName":"配置与计划合同 UT-13 parses real report shapes","status":"passed","title":"UT-13 parses real report shapes","duration":8.215699999999742,"failureMessages":[],"meta":{},"tags":[]},{"ancestorTitles":["配置与计划合同"],"fullName":"配置与计划合同 UT-19 redacts secrets from public logs","status":"passed","title":"UT-19 redacts secrets from public logs","duration":2.243899999999485,"failureMessages":[],"meta":{},"tags":[]}],"startTime":1789116444201,"endTime":1789116444286.244,"status":"passed","message":"","name":"D:/Code/system-handle/tests/unit/contracts.test.ts"},{"assertionResults":[{"ancestorTitles":[],"fullName":"UT-06 parses Chinese labels in an isolated DOM and rejects invalid diagram grammar","status":"passed","title":"UT-06 parses Chinese labels in an isolated DOM and rejects invalid diagram grammar","duration":37076.2364,"failureMessages":[],"meta":{},"tags":[]}],"startTime":1789116304957,"endTime":1789116342033.2363,"status":"passed","message":"","name":"D:/Code/system-handle/tests/unit/diagrams.test.ts"},{"assertionResults":[{"ancestorTitles":[],"fullName":"UT-18 runtime refuses a changed executor version until its isolation probes are renewed","status":"passed","title":"UT-18 runtime refuses a changed executor version until its isolation probes are renewed","duration":693.5910000000003,"failureMessages":[],"meta":{},"tags":[]}],"startTime":1789116430156,"endTime":1789116430849.591,"status":"passed","message":"","name":"D:/Code/system-handle/tests/unit/isolation.test.ts"},{"assertionResults":[{"ancestorTitles":[],"fullName":"UT-20 backup manifest detects tampering and rejects traversal","status":"passed","title":"UT-20 backup manifest detects tampering and rejects traversal","duration":113.54230000000007,"failureMessages":[],"meta":{},"tags":[]},{"ancestorTitles":[],"fullName":"IT-16 backup restores database and evidence at their original paths","status":"passed","title":"IT-16 backup restores database and evidence at their original paths","duration":116.05839999999989,"failureMessages":[],"meta":{},"tags":[]},{"ancestorTitles":[],"fullName":"UT-20 retention compresses only expired terminal logs and preserves exact bytes","status":"passed","title":"UT-20 retention compresses only expired terminal logs and preserves exact bytes","duration":81.31049999999959,"failureMessages":[],"meta":{},"tags":[]}],"startTime":1789116437006,"endTime":1789116437318.3105,"status":"passed","message":"","name":"D:/Code/system-handle/tests/unit/maintenance.test.ts"},{"assertionResults":[{"ancestorTitles":[],"fullName":"UT-15 browser evidence records only observed assertions and fails missing values","status":"passed","title":"UT-15 browser evidence records only observed assertions and fails missing values","duration":21.287199999999757,"failureMessages":[],"meta":{},"tags":[]},{"ancestorTitles":[],"fullName":"UT-05 agy grants are scoped to a unique project and never permit native commands","status":"passed","title":"UT-05 agy grants are scoped to a unique project and never permit native commands","duration":54.153299999999945,"failureMessages":[],"meta":{},"tags":[]},{"ancestorTitles":[],"fullName":"UT-15 browser scenes cannot enter controller approval even if an origin is misconfigured","status":"passed","title":"UT-15 browser scenes cannot enter controller approval even if an origin is misconfigured","duration":102.54219999999987,"failureMessages":[],"meta":{},"tags":[]}],"startTime":1789116437231,"endTime":1789116437409.5422,"status":"passed","message":"","name":"D:/Code/system-handle/tests/unit/recipe.test.ts"},{"assertionResults":[{"ancestorTitles":[],"fullName":"UT-16 Codex wire schema uses explicit repository keys and closed required properties","status":"passed","title":"UT-16 Codex wire schema uses explicit repository keys and closed required properties","duration":32.572599999999966,"failureMessages":[],"meta":{},"tags":[]}],"startTime":1789116440621,"endTime":1789116440653.5725,"status":"passed","message":"","name":"D:/Code/system-handle/tests/unit/review-output.test.ts"},{"assertionResults":[{"ancestorTitles":[],"fullName":"UT-03 transaction rollback removes events and idempotency prevents duplicate transitions","status":"passed","title":"UT-03 transaction rollback removes events and idempotency prevents duplicate transitions","duration":103.95099999999911,"failureMessages":[],"meta":{},"tags":[]},{"ancestorTitles":[],"fullName":"UT-04 human proofs cannot approve a different plan revision","status":"passed","title":"UT-04 human proofs cannot approve a different plan revision","duration":137.6804000000002,"failureMessages":[],"meta":{},"tags":[]},{"ancestorTitles":[],"fullName":"UT-05 revoked and foreign worker credentials are rejected","status":"passed","title":"UT-05 revoked and foreign worker credentials are rejected","duration":58.1269999999995,"failureMessages":[],"meta":{},"tags":[]},{"ancestorTitles":[],"fullName":"UT-08 resource acquisition is atomic, fenced and cannot steal expired leases","status":"passed","title":"UT-08 resource acquisition is atomic, fenced and cannot steal expired leases","duration":74.21379999999954,"failureMessages":[],"meta":{},"tags":[]},{"ancestorTitles":[],"fullName":"UT-08 scheduler rotates projects and retains per-project order","status":"passed","title":"UT-08 scheduler rotates projects and retains per-project order","duration":37.427999999999884,"failureMessages":[],"meta":{},"tags":[]},{"ancestorTitles":[],"fullName":"UT-18 restart revokes live runs without marking stale leases free","status":"passed","title":"UT-18 restart revokes live runs without marking stale leases free","duration":141.96690000000035,"failureMessages":[],"meta":{},"tags":[]}],"startTime":1789116430535,"endTime":1789116431090.9668,"status":"passed","message":"","name":"D:/Code/system-handle/tests/unit/state.test.ts"}]}