{"numTotalTestSuites":37,"numPassedTestSuites":34,"numFailedTestSuites":3,"numPendingTestSuites":0,"numTotalTests":130,"numPassedTests":127,"numFailedTests":3,"numPendingTests":0,"numTodoTests":0,"snapshot":{"added":0,"failure":false,"filesAdded":0,"filesRemoved":0,"filesRemovedList":[],"filesUnmatched":0,"filesUpdated":0,"matched":0,"total":0,"unchecked":0,"uncheckedKeysByFile":[],"unmatched":0,"updated":0,"didUpdate":false},"startTime":1789454866511,"success":false,"testResults":[{"assertionResults":[{"ancestorTitles":[],"fullName":"IT-10 failed real test reopens scoped repair and invalidates all old evidence before retest","status":"passed","title":"IT-10 failed real test reopens scoped repair and invalidates all old evidence before retest","duration":13270.1273,"failureMessages":[],"meta":{},"tags":[]}],"startTime":1789455025266,"endTime":1789455038536.1272,"status":"passed","message":"","name":"D:/Code/system-handle/tests/integration/check-repair.test.ts"},{"assertionResults":[{"ancestorTitles":[],"fullName":"a rejected output schema retries once without wire constraints and validates the actual returned diagnosis","status":"passed","title":"a rejected output schema retries once without wire constraints and validates the actual returned diagnosis","duration":3535.1367,"failureMessages":[],"meta":{},"tags":[]}],"startTime":1789455090296,"endTime":1789455093831.1367,"status":"passed","message":"","name":"D:/Code/system-handle/tests/integration/diagnosis-runtime.test.ts"},{"assertionResults":[{"ancestorTitles":[],"fullName":"development environment MCP calls escalate repeated failures to diagnosis and preserve bounded recovery","status":"passed","title":"development environment MCP calls escalate repeated failures to diagnosis and preserve bounded recovery","duration":2277.4528,"failureMessages":[],"meta":{},"tags":[]}],"startTime":1789455175773,"endTime":1789455178050.453,"status":"passed","message":"","name":"D:/Code/system-handle/tests/integration/environment-repair-tool.test.ts"},{"assertionResults":[{"ancestorTitles":[],"fullName":"health checks report duplicate or foreign identity immediately and keep transient readiness retryable","status":"passed","title":"health checks report duplicate or foreign identity immediately and keep transient readiness retryable","duration":439.62789999999995,"failureMessages":[],"meta":{},"tags":[]},{"ancestorTitles":[],"fullName":"IT-06/07 three parallel environments use distinct ports, real frontend proxies and isolated persisted data","status":"passed","title":"IT-06/07 three parallel environments use distinct ports, real frontend proxies and isolated persisted data","duration":13884.8897,"failureMessages":[],"meta":{},"tags":[]},{"ancestorTitles":[],"fullName":"IT-07 registered fixture receives only its workflow data namespace before environment readiness","status":"passed","title":"IT-07 registered fixture receives only its workflow data namespace before environment readiness","duration":6870.529999999999,"failureMessages":[],"meta":{},"tags":[]}],"startTime":1789454946007,"endTime":1789454967203.53,"status":"passed","message":"","name":"D:/Code/system-handle/tests/integration/environments.test.ts"},{"assertionResults":[{"ancestorTitles":[],"fullName":"operation authorization binds exact arguments and plan, survives restart, and executes at most once","status":"passed","title":"operation authorization binds exact arguments and plan, survives restart, and executes at most once","duration":3349.9527,"failureMessages":[],"meta":{},"tags":[]},{"ancestorTitles":[],"fullName":"denied operations never execute and a changed plan invalidates prior approval","status":"passed","title":"denied operations never execute and a changed plan invalidates prior approval","duration":2153.689299999999,"failureMessages":[],"meta":{},"tags":[]},{"ancestorTitles":[],"fullName":"interrupted authorized commands retain unknown outcome and cannot consume approval twice","status":"passed","title":"interrupted authorized commands retain unknown outcome and cannot consume approval twice","duration":2403.5928000000004,"failureMessages":[],"meta":{},"tags":[]},{"ancestorTitles":[],"fullName":"HTTP authorization rejects foreign callers and resumes the original workflow with the exact decision","status":"passed","title":"HTTP authorization rejects foreign callers and resumes the original workflow with the exact decision","duration":2186.5825999999997,"failureMessages":[],"meta":{},"tags":[]},{"ancestorTitles":[],"fullName":"a development test runs before any task claims, captures real failure, then passes without freezing delivery","status":"passed","title":"a development test runs before any task claims, captures real failure, then passes without freezing delivery","duration":10614.4661,"failureMessages":[],"meta":{},"tags":[]},{"ancestorTitles":[],"fullName":"repeated identical failure escalates to the planner and exhausts without pretending user input is missing","status":"passed","title":"repeated identical failure escalates to the planner and exhausts without pretending user input is missing","duration":2775.5683999999965,"failureMessages":[],"meta":{},"tags":[]},{"ancestorTitles":[],"fullName":"planner infrastructure failure keeps the executor repairing and new errors get their own retry budget","status":"passed","title":"planner infrastructure failure keeps the executor repairing and new errors get their own retry budget","duration":2564.1584999999977,"failureMessages":[],"meta":{},"tags":[]},{"ancestorTitles":[],"fullName":"quota and revoked runs are not blindly retried","status":"passed","title":"quota and revoked runs are not blindly retried","duration":2383.4765000000007,"failureMessages":[],"meta":{},"tags":[]},{"ancestorTitles":[],"fullName":"resource waiting names the owner, resumes on release and can be cancelled","status":"passed","title":"resource waiting names the owner, resumes on release and can be cancelled","duration":2783.008899999997,"failureMessages":[],"meta":{},"tags":[]},{"ancestorTitles":[],"fullName":"an external source edit invalidates a recorded implementation without a page-triggered file scan","status":"passed","title":"an external source edit invalidates a recorded implementation without a page-triggered file scan","duration":2709.4379999999946,"failureMessages":[],"meta":{},"tags":[]},{"ancestorTitles":[],"fullName":"missing reviewer executable cannot synthesize a passing review","status":"passed","title":"missing reviewer executable cannot synthesize a passing review","duration":4449.741000000002,"failureMessages":[],"meta":{},"tags":[]},{"ancestorTitles":[],"fullName":"HTTP summary and detail use read projections; history has a bounded backwards cursor","status":"passed","title":"HTTP summary and detail use read projections; history has a bounded backwards cursor","duration":2657.6454999999987,"failureMessages":[],"meta":{},"tags":[]}],"startTime":1789454869738,"endTime":1789454910772.6455,"status":"passed","message":"","name":"D:/Code/system-handle/tests/integration/execution-loop.test.ts"},{"assertionResults":[{"ancestorTitles":[],"fullName":"IT-09 Windows Hook preserves Chinese JSON and enforces live run revocation","status":"passed","title":"IT-09 Windows Hook preserves Chinese JSON and enforces live run revocation","duration":6530.6358,"failureMessages":[],"meta":{},"tags":[]}],"startTime":1789455122025,"endTime":1789455128555.6357,"status":"passed","message":"","name":"D:/Code/system-handle/tests/integration/hook.test.ts"},{"assertionResults":[{"ancestorTitles":[],"fullName":"unified entry discovers onboarding, reuses a conversation and keeps worktrees and new tasks distinct","status":"passed","title":"unified entry discovers onboarding, reuses a conversation and keeps worktrees and new tasks distinct","duration":9868.2082,"failureMessages":[],"meta":{},"tags":[]}],"startTime":1789455094537,"endTime":1789455104405.2083,"status":"passed","message":"","name":"D:/Code/system-handle/tests/integration/intake.test.ts"},{"assertionResults":[{"ancestorTitles":[],"fullName":"execution stop keeps its real cause after process rejection","status":"passed","title":"execution stop keeps its real cause after process rejection","duration":2378.4194,"failureMessages":[],"meta":{},"tags":[]},{"ancestorTitles":[],"fullName":"execution crash keeps its real cause after process rejection","status":"passed","title":"execution crash keeps its real cause after process rejection","duration":2410.4964,"failureMessages":[],"meta":{},"tags":[]},{"ancestorTitles":[],"fullName":"legacy stops never invent a human actor","status":"passed","title":"legacy stops never invent a human actor","duration":872.5579000000007,"failureMessages":[],"meta":{},"tags":[]},{"ancestorTitles":[],"fullName":"infers pause from legacy agent_stopped event and heals interruption entity","status":"passed","title":"infers pause from legacy agent_stopped event and heals interruption entity","duration":989.8366999999998,"failureMessages":[],"meta":{},"tags":[]}],"startTime":1789455114055,"endTime":1789455120706.8367,"status":"passed","message":"","name":"D:/Code/system-handle/tests/integration/interruption.test.ts"},{"assertionResults":[{"ancestorTitles":[],"fullName":"manual recovery after account switch clears the quota wait and dispatches immediately","status":"passed","title":"manual recovery after account switch clears the quota wait and dispatches immediately","duration":2044.0729000000001,"failureMessages":[],"meta":{},"tags":[]},{"ancestorTitles":[],"fullName":"uses the provider reset time plus grace and never invents a reset time","status":"passed","title":"uses the provider reset time plus grace and never invents a reset time","duration":0.5331999999998516,"failureMessages":[],"meta":{},"tags":[]},{"ancestorTitles":[],"fullName":"quota wait persists, does not run early, and resumes the same approved workflow when due","status":"passed","title":"quota wait persists, does not run early, and resumes the same approved workflow when due","duration":1656.0511000000001,"failureMessages":[],"meta":{},"tags":[]},{"ancestorTitles":[],"fullName":"a user pause cancels deferred execution","status":"passed","title":"a user pause cancels deferred execution","duration":1589.3836000000001,"failureMessages":[],"meta":{},"tags":[]}],"startTime":1789455072731,"endTime":1789455078021.3835,"status":"passed","message":"","name":"D:/Code/system-handle/tests/integration/model-retry.test.ts"},{"assertionResults":[{"ancestorTitles":[],"fullName":"R1 'missing report' records the actual error and reopens repair without invented passing cases","status":"passed","title":"R1 'missing report' records the actual error and reopens repair without invented passing cases","duration":438.0181000000001,"failureMessages":[],"meta":{},"tags":[]},{"ancestorTitles":[],"fullName":"R1 'malformed report' records the actual error and reopens repair without invented passing cases","status":"passed","title":"R1 'malformed report' records the actual error and reopens repair without invented passing cases","duration":443.91740000000004,"failureMessages":[],"meta":{},"tags":[]},{"ancestorTitles":[],"fullName":"R1 browser assertion exceptions record failure instead of trapping the worker in VERIFYING","status":"passed","title":"R1 browser assertion exceptions record failure instead of trapping the worker in VERIFYING","duration":69.95920000000001,"failureMessages":[],"meta":{},"tags":[]},{"ancestorTitles":[],"fullName":"R1 waiting for a browser lease is a retryable precondition and creates no failed evidence","status":"passed","title":"R1 waiting for a browser lease is a retryable precondition and creates no failed evidence","duration":57.48919999999998,"failureMessages":[],"meta":{},"tags":[]},{"ancestorTitles":[],"fullName":"R2 stopping during verification preparation cannot launch a late agent","status":"passed","title":"R2 stopping during verification preparation cannot launch a late agent","duration":59.88359999999989,"failureMessages":[],"meta":{},"tags":[]},{"ancestorTitles":[],"fullName":"R2 stopping during review preparation cannot launch a late agent","status":"passed","title":"R2 stopping during review preparation cannot launch a late agent","duration":81.24270000000001,"failureMessages":[],"meta":{},"tags":[]},{"ancestorTitles":[],"fullName":"R2 stopping while checking the snapshot cannot launch a late test or reopen a stopped workflow","status":"passed","title":"R2 stopping while checking the snapshot cannot launch a late test or reopen a stopped workflow","duration":56.94470000000001,"failureMessages":[],"meta":{},"tags":[]},{"ancestorTitles":[],"fullName":"R2 an old queued preparation success cannot activate or block a recovered queue entry","status":"passed","title":"R2 an old queued preparation success cannot activate or block a recovered queue entry","duration":85.51049999999987,"failureMessages":[],"meta":{},"tags":[]},{"ancestorTitles":[],"fullName":"R2 an old queued preparation failure cannot activate or block a recovered queue entry","status":"passed","title":"R2 an old queued preparation failure cannot activate or block a recovered queue entry","duration":79.65849999999955,"failureMessages":[],"meta":{},"tags":[]},{"ancestorTitles":[],"fullName":"R3 changed project configuration is rejected at feedback, recovery and dispatch before workspace or model execution","status":"passed","title":"R3 changed project configuration is rejected at feedback, recovery and dispatch before workspace or model execution","duration":73.80360000000019,"failureMessages":[],"meta":{},"tags":[]},{"ancestorTitles":[],"fullName":"R3 project registration rechecks active workflows after repository inspection","status":"passed","title":"R3 project registration rechecks active workflows after repository inspection","duration":56.877300000000105,"failureMessages":[],"meta":{},"tags":[]},{"ancestorTitles":[],"fullName":"R4 different tests of one workflow cannot concurrently consume a shared report path","status":"passed","title":"R4 different tests of one workflow cannot concurrently consume a shared report path","duration":53.03859999999986,"failureMessages":[],"meta":{},"tags":[]},{"ancestorTitles":[],"fullName":"R4 a late result cannot be attached after invalidation and refreezing identical source","status":"passed","title":"R4 a late result cannot be attached after invalidation and refreezing identical source","duration":406.93870000000015,"failureMessages":[],"meta":{},"tags":[]}],"startTime":1789455064231,"endTime":1789455066194.9387,"status":"passed","message":"","name":"D:/Code/system-handle/tests/integration/precommit-runtime.test.ts"},{"assertionResults":[{"ancestorTitles":[],"fullName":"compiler exit stops health polling immediately, starts once, releases leases and preserves its diagnostic","status":"passed","title":"compiler exit stops health polling immediately, starts once, releases leases and preserves its diagnostic","duration":1867.7498999999998,"failureMessages":[],"meta":{},"tags":[]},{"ancestorTitles":[],"fullName":"only a confirmed port collision retries, using a different port","status":"passed","title":"only a confirmed port collision retries, using a different port","duration":1931.6745999999998,"failureMessages":[],"meta":{},"tags":[]},{"ancestorTitles":[],"fullName":"failed build preserves the worker for repair and a corrected build can enter verification","status":"passed","title":"failed build preserves the worker for repair and a corrected build can enter verification","duration":2787.4818000000005,"failureMessages":[],"meta":{},"tags":[]},{"ancestorTitles":[],"fullName":"manual stop while preparing stays stopped and is not relabeled as a build failure","status":"passed","title":"manual stop while preparing stays stopped and is not relabeled as a build failure","duration":1680.8188999999993,"failureMessages":[],"meta":{},"tags":[]}],"startTime":1789455105221,"endTime":1789455113488.8188,"status":"passed","message":"","name":"D:/Code/system-handle/tests/integration/preparation-failure.test.ts"},{"assertionResults":[{"ancestorTitles":[],"fullName":"managed PowerShell executes a batch program with Windows runtime variables while secrets stay excluded","status":"passed","title":"managed PowerShell executes a batch program with Windows runtime variables while secrets stay excluded","duration":953.3359,"failureMessages":[],"meta":{},"tags":[]},{"ancestorTitles":[],"fullName":"IT-08 Windows Host captures Unicode output and terminates job descendants on stop","status":"passed","title":"IT-08 Windows Host captures Unicode output and terminates job descendants on stop","duration":385.87289999999985,"failureMessages":[],"meta":{},"tags":[]},{"ancestorTitles":[],"fullName":"IT-15 one controller owns each state directory and releases ownership on exit","status":"passed","title":"IT-15 one controller owns each state directory and releases ownership on exit","duration":877.8641999999998,"failureMessages":[],"meta":{},"tags":[]},{"ancestorTitles":[],"fullName":"IT-09 Host preserves large Chinese JSON stdin and escaped Windows paths byte-for-byte","status":"passed","title":"IT-09 Host preserves large Chinese JSON stdin and escaped Windows paths byte-for-byte","duration":1662.2544000000003,"failureMessages":[],"meta":{},"tags":[]}],"startTime":1789455066944,"endTime":1789455070824.2544,"status":"passed","message":"","name":"D:/Code/system-handle/tests/integration/process.test.ts"},{"assertionResults":[{"ancestorTitles":[],"fullName":"a shared test failure preserves unchanged implementation and displays passed development cases","status":"failed","title":"a shared test failure preserves unchanged implementation and displays passed development cases","duration":5450.4384,"failureMessages":["AssertionError: expected { Object (total, passed, ...) } to match object { passed: +0, stale: 2 }\n(4 matching properties omitted from actual)\n    at Proxy.<anonymous> (file:///D:/Code/system-handle/node_modules/@vitest/expect/dist/index.js:1283:10)\n    at Proxy.<anonymous> (file:///D:/Code/system-handle/node_modules/@vitest/expect/dist/index.js:1156:15)\n    at Proxy.methodWrapper (file:///D:/Code/system-handle/node_modules/chai/index.js:1700:25)\n    at D:/Code/system-handle/tests/integration/progress-recovery.test.ts:119:59\n    at processTicksAndRejections (node:internal/process/task_queues:103:5)\n    at file:///D:/Code/system-handle/node_modules/@vitest/runner/dist/chunk-artifact.js:1903:20"],"meta":{},"tags":[]},{"ancestorTitles":[],"fullName":"legacy invalidations reconcile only exact unchanged source and do not manufacture verification","status":"passed","title":"legacy invalidations reconcile only exact unchanged source and do not manufacture verification","duration":1782.2735000000002,"failureMessages":[],"meta":{},"tags":[]},{"ancestorTitles":[],"fullName":"repeated unchanged declarations do not emit additional completion events","status":"passed","title":"repeated unchanged declarations do not emit additional completion events","duration":1587.0739999999996,"failureMessages":[],"meta":{},"tags":[]},{"ancestorTitles":[],"fullName":"constant-only placeholder tests cannot be declared or executed as business evidence","status":"passed","title":"constant-only placeholder tests cannot be declared or executed as business evidence","duration":1678.3086000000003,"failureMessages":[],"meta":{},"tags":[]}],"startTime":1789455078972,"endTime":1789455089470.3086,"status":"failed","message":"","name":"D:/Code/system-handle/tests/integration/progress-recovery.test.ts"},{"assertionResults":[{"ancestorTitles":[],"fullName":"keeps downstream submissions and timestamps across prerequisite repair without repeating claims or restoring test evidence","status":"passed","title":"keeps downstream submissions and timestamps across prerequisite repair without repeating claims or restoring test evidence","duration":2559.4749,"failureMessages":[],"meta":{},"tags":[]},{"ancestorTitles":[],"fullName":"tracks a leaf task, refuses premature completion, invalidates changed implementation and lists per-file diffs from task branch baseline","status":"passed","title":"tracks a leaf task, refuses premature completion, invalidates changed implementation and lists per-file diffs from task branch baseline","duration":4936.0821,"failureMessages":[],"meta":{},"tags":[]},{"ancestorTitles":[],"fullName":"counts current planned cases once; latest failure, skipped and stale results never inflate passes","status":"failed","title":"counts current planned cases once; latest failure, skipped and stale results never inflate passes","duration":2149.6039999999994,"failureMessages":["AssertionError: expected { total: 2, passed: 2, …(4) } to match object { total: 2, passed: +0, stale: 2 }\n(3 matching properties omitted from actual)\n    at Proxy.<anonymous> (file:///D:/Code/system-handle/node_modules/@vitest/expect/dist/index.js:1283:10)\n    at Proxy.<anonymous> (file:///D:/Code/system-handle/node_modules/@vitest/expect/dist/index.js:1156:15)\n    at Proxy.methodWrapper (file:///D:/Code/system-handle/node_modules/chai/index.js:1700:25)\n    at D:/Code/system-handle/tests/integration/progress.test.ts:233:7\n    at processTicksAndRejections (node:internal/process/task_queues:103:5)\n    at file:///D:/Code/system-handle/node_modules/@vitest/runner/dist/chunk-artifact.js:1903:20"],"meta":{},"tags":[]}],"startTime":1789454991761,"endTime":1789455001406.604,"status":"failed","message":"","name":"D:/Code/system-handle/tests/integration/progress.test.ts"},{"assertionResults":[{"ancestorTitles":[],"fullName":"IT-14 exact multi-repository commit resumes after second branch update fails","status":"passed","title":"IT-14 exact multi-repository commit resumes after second branch update fails","duration":22005.8757,"failureMessages":[],"meta":{},"tags":[]},{"ancestorTitles":[],"fullName":"IT-15 named job reconciliation distinguishes active process trees from terminated ones","status":"passed","title":"IT-15 named job reconciliation distinguishes active process trees from terminated ones","duration":728.5743000000002,"failureMessages":[],"meta":{},"tags":[]}],"startTime":1789454968365,"endTime":1789454991099.5742,"status":"passed","message":"","name":"D:/Code/system-handle/tests/integration/recovery.test.ts"},{"assertionResults":[{"ancestorTitles":[],"fullName":"IT-12 repair plan requires new approval and cannot reuse evidence even when source snapshot is identical","status":"failed","title":"IT-12 repair plan requires new approval and cannot reuse evidence even when source snapshot is identical","duration":19280.4147,"failureMessages":["AssertionError: expected 'passed' to be 'stale' // Object.is equality\n    at D:/Code/system-handle/tests/integration/repair-review.test.ts:80:66\n    at processTicksAndRejections (node:internal/process/task_queues:103:5)\n    at file:///D:/Code/system-handle/node_modules/@vitest/runner/dist/chunk-artifact.js:1903:20"],"meta":{},"tags":[]},{"ancestorTitles":[],"fullName":"IT-04 approved filename cannot write through a hardlink into another directory","status":"passed","title":"IT-04 approved filename cannot write through a hardlink into another directory","duration":2753.6283000000003,"failureMessages":[],"meta":{},"tags":[]}],"startTime":1789455001965,"endTime":1789455023998.6284,"status":"failed","message":"","name":"D:/Code/system-handle/tests/integration/repair-review.test.ts"},{"assertionResults":[{"ancestorTitles":[],"fullName":"renamed legacy reports are cleaned only from the dedicated directory with exact archive proof","status":"passed","title":"renamed legacy reports are cleaned only from the dedicated directory with exact archive proof","duration":3278.5303000000004,"failureMessages":[],"meta":{},"tags":[]},{"ancestorTitles":[],"fullName":"a real development test archives an unignored report without changing the code snapshot","status":"passed","title":"a real development test archives an unignored report without changing the code snapshot","duration":9427.850900000001,"failureMessages":[],"meta":{},"tags":[]},{"ancestorTitles":[],"fullName":"pre-existing report files are restored and legacy cleanup requires a matching archive","status":"passed","title":"pre-existing report files are restored and legacy cleanup requires a matching archive","duration":3188.7401999999984,"failureMessages":[],"meta":{},"tags":[]}],"startTime":1789455129717,"endTime":1789455145612.7402,"status":"passed","message":"","name":"D:/Code/system-handle/tests/integration/report-output.test.ts"},{"assertionResults":[{"ancestorTitles":[],"fullName":"UT-16/17 independent commit gates reject missing approval, stale acceptance, evidence, coverage and changed project configuration","status":"passed","title":"UT-16/17 independent commit gates reject missing approval, stale acceptance, evidence, coverage and changed project configuration","duration":17824.2749,"failureMessages":[],"meta":{},"tags":[]}],"startTime":1789455045501,"endTime":1789455063325.275,"status":"passed","message":"","name":"D:/Code/system-handle/tests/integration/review-gates.test.ts"},{"assertionResults":[{"ancestorTitles":[],"fullName":"IT-12 reviewer MCP exposes only read tools and rejects foreign or changed snapshot files","status":"passed","title":"IT-12 reviewer MCP exposes only read tools and rejects foreign or changed snapshot files","duration":5139.7529,"failureMessages":[],"meta":{},"tags":[]}],"startTime":1789455039717,"endTime":1789455044856.753,"status":"passed","message":"","name":"D:/Code/system-handle/tests/integration/review-reader.test.ts"},{"assertionResults":[{"ancestorTitles":[],"fullName":"DF-STAGE-I01 policy rejects at shared deadline before token expiry","status":"passed","title":"DF-STAGE-I01 policy rejects at shared deadline before token expiry","duration":2072.1297,"failureMessages":[],"meta":{},"tags":[]},{"ancestorTitles":[],"fullName":"DF-STAGE-I02 process timeout and manual stop remain distinct","status":"passed","title":"DF-STAGE-I02 process timeout and manual stop remain distinct","duration":209.91439999999966,"failureMessages":[],"meta":{},"tags":[]},{"ancestorTitles":[],"fullName":"DF-STAGE-I03 resumed run rejects old worker","status":"passed","title":"DF-STAGE-I03 resumed run rejects old worker","duration":1642.9424,"failureMessages":[],"meta":{},"tags":[]}],"startTime":1789455166677,"endTime":1789455170602.9424,"status":"passed","message":"","name":"D:/Code/system-handle/tests/integration/run-deadline.test.ts"},{"assertionResults":[{"ancestorTitles":[],"fullName":"DF-STAGE-I04 hook preserves policy failure categories","status":"passed","title":"DF-STAGE-I04 hook preserves policy failure categories","duration":5109.0357,"failureMessages":[],"meta":{},"tags":[]},{"ancestorTitles":[],"fullName":"DF-STAGE-I05 hook rejects malformed or mismatched allow response","status":"passed","title":"DF-STAGE-I05 hook rejects malformed or mismatched allow response","duration":2663.939699999999,"failureMessages":[],"meta":{},"tags":[]}],"startTime":1789455157692,"endTime":1789455165465.9397,"status":"passed","message":"","name":"D:/Code/system-handle/tests/integration/run-failure.test.ts"},{"assertionResults":[{"ancestorTitles":[],"fullName":"local console opens without pairing, cookies or login, including old credentials","status":"passed","title":"local console opens without pairing, cookies or login, including old credentials","duration":487.62440000000004,"failureMessages":[],"meta":{},"tags":[]},{"ancestorTitles":[],"fullName":"button approval binds the viewed version, rejects foreign pages and repeated submissions","status":"passed","title":"button approval binds the viewed version, rejects foreign pages and repeated submissions","duration":159.91880000000015,"failureMessages":[],"meta":{},"tags":[]},{"ancestorTitles":[],"fullName":"event streams work without login and reject missing or foreign Origin at upgrade","status":"passed","title":"event streams work without login and reject missing or foreign Origin at upgrade","duration":63.122299999999996,"failureMessages":[],"meta":{},"tags":[]}],"startTime":1789455179035,"endTime":1789455179746.1223,"status":"passed","message":"","name":"D:/Code/system-handle/tests/integration/session.test.ts"},{"assertionResults":[{"ancestorTitles":[],"fullName":"IT-04 rejects outside scope, stale writes, hardlinks and freezes writes during tests","status":"passed","title":"IT-04 rejects outside scope, stale writes, hardlinks and freezes writes during tests","duration":4107.8413,"failureMessages":[],"meta":{},"tags":[]},{"ancestorTitles":[],"fullName":"IT-05 independently prepares two worktrees in one shared repository","status":"passed","title":"IT-05 independently prepares two worktrees in one shared repository","duration":6116.812,"failureMessages":[],"meta":{},"tags":[]},{"ancestorTitles":[],"fullName":"IT-10 snapshot detects source changes and task declarations never substitute for evidence","status":"passed","title":"IT-10 snapshot detects source changes and task declarations never substitute for evidence","duration":6656.623199999998,"failureMessages":[],"meta":{},"tags":[]},{"ancestorTitles":[],"fullName":"IT-13 pass review commits only the accepted exact tree and leaves a clean index","status":"passed","title":"IT-13 pass review commits only the accepted exact tree and leaves a clean index","duration":12811.983199999999,"failureMessages":[],"meta":{},"tags":[]},{"ancestorTitles":[],"fullName":"IT-03 API rejects untrusted Host, foreign Origin, allow local access and reject planner-as-human","status":"passed","title":"IT-03 API rejects untrusted Host, foreign Origin, allow local access and reject planner-as-human","duration":239.4888000000028,"failureMessages":[],"meta":{},"tags":[]},{"ancestorTitles":[],"fullName":"IT-03 MCP exposes planning tools without any human-approval capability","status":"passed","title":"IT-03 MCP exposes planning tools without any human-approval capability","duration":278.3078999999998,"failureMessages":[],"meta":{},"tags":[]},{"ancestorTitles":[],"fullName":"IT-09 large Chinese plan and tool contracts traverse bounded MCP pages without temp-file fallback","status":"passed","title":"IT-09 large Chinese plan and tool contracts traverse bounded MCP pages without temp-file fallback","duration":2812.8206999999966,"failureMessages":[],"meta":{},"tags":[]}],"startTime":1789454912126,"endTime":1789454945151.8208,"status":"passed","message":"","name":"D:/Code/system-handle/tests/integration/workflow.test.ts"},{"assertionResults":[{"ancestorTitles":["配置与计划合同"],"fullName":"配置与计划合同 UT-01 rejects unknown keys and invalid model substitutions","status":"passed","title":"UT-01 rejects unknown keys and invalid model substitutions","duration":11.015099999999961,"failureMessages":[],"meta":{},"tags":[]},{"ancestorTitles":["配置与计划合同"],"fullName":"配置与计划合同 UT-02 canonical hash is independent of object key order","status":"passed","title":"UT-02 canonical hash is independent of object key order","duration":16.58809999999994,"failureMessages":[],"meta":{},"tags":[]},{"ancestorTitles":["配置与计划合同"],"fullName":"配置与计划合同 UT-06 validates DAG, test links, layers and diagrams","status":"passed","title":"UT-06 validates DAG, test links, layers and diagrams","duration":11.19870000000003,"failureMessages":[],"meta":{},"tags":[]},{"ancestorTitles":["配置与计划合同"],"fullName":"配置与计划合同 UT-06 rejects absent diagrams and unresolved decisions","status":"passed","title":"UT-06 rejects absent diagrams and unresolved decisions","duration":1.8926999999999907,"failureMessages":[],"meta":{},"tags":[]},{"ancestorTitles":["配置与计划合同"],"fullName":"配置与计划合同 UT-07 blocks traversal and Windows alternate stream paths","status":"passed","title":"UT-07 blocks traversal and Windows alternate stream paths","duration":0.7798000000000229,"failureMessages":[],"meta":{},"tags":[]},{"ancestorTitles":["配置与计划合同"],"fullName":"配置与计划合同 UT-10 parses fragmented multibyte JSONL and final non-newline result","status":"passed","title":"UT-10 parses fragmented multibyte JSONL and final non-newline result","duration":1.665399999999977,"failureMessages":[],"meta":{},"tags":[]},{"ancestorTitles":["配置与计划合同"],"fullName":"配置与计划合同 UT-10 rejects invalid and oversized events","status":"passed","title":"UT-10 rejects invalid and oversized events","duration":0.6074000000000979,"failureMessages":[],"meta":{},"tags":[]},{"ancestorTitles":["配置与计划合同"],"fullName":"配置与计划合同 UT-11 binds model and conversation and requires exit success","status":"passed","title":"UT-11 binds model and conversation and requires exit success","duration":0.750699999999938,"failureMessages":[],"meta":{},"tags":[]},{"ancestorTitles":["配置与计划合同"],"fullName":"配置与计划合同 UT-13 rejects zero tests, skipped tests and missing expected assertions","status":"passed","title":"UT-13 rejects zero tests, skipped tests and missing expected assertions","duration":0.9298999999999751,"failureMessages":[],"meta":{},"tags":[]},{"ancestorTitles":["配置与计划合同"],"fullName":"配置与计划合同 UT-13 parses real report shapes","status":"passed","title":"UT-13 parses real report shapes","duration":5.231300000000033,"failureMessages":[],"meta":{},"tags":[]},{"ancestorTitles":["配置与计划合同"],"fullName":"配置与计划合同 UT-19 redacts secrets from public logs","status":"passed","title":"UT-19 redacts secrets from public logs","duration":0.8264000000000351,"failureMessages":[],"meta":{},"tags":[]},{"ancestorTitles":["配置与计划合同"],"fullName":"配置与计划合同 UT-20 safely resolves executables and rejects missing binaries with structured errors","status":"passed","title":"UT-20 safely resolves executables and rejects missing binaries with structured errors","duration":620.808,"failureMessages":[],"meta":{},"tags":[]}],"startTime":1789455184191,"endTime":1789455184863.808,"status":"passed","message":"","name":"D:/Code/system-handle/tests/unit/contracts.test.ts"},{"assertionResults":[{"ancestorTitles":[],"fullName":"resumed scope failure is not replaced by a historical quota footer","status":"passed","title":"resumed scope failure is not replaced by a historical quota footer","duration":11.436599999999999,"failureMessages":[],"meta":{},"tags":[]},{"ancestorTitles":[],"fullName":"a completed new turn can finish transport despite a known historical error; task evidence is still engine-gated","status":"passed","title":"a completed new turn can finish transport despite a known historical error; task evidence is still engine-gated","duration":5.06310000000002,"failureMessages":[],"meta":{},"tags":[]},{"ancestorTitles":[],"fullName":"a fresh provider failure or missing new-turn boundary still blocks on real quota","status":"passed","title":"a fresh provider failure or missing new-turn boundary still blocks on real quota","duration":4.790999999999997,"failureMessages":[],"meta":{},"tags":[]},{"ancestorTitles":[],"fullName":"a fresh provider failure or missing new-turn boundary still blocks on real quota","status":"passed","title":"a fresh provider failure or missing new-turn boundary still blocks on real quota","duration":4.227100000000007,"failureMessages":[],"meta":{},"tags":[]},{"ancestorTitles":[],"fullName":"a fresh provider failure or missing new-turn boundary still blocks on real quota","status":"passed","title":"a fresh provider failure or missing new-turn boundary still blocks on real quota","duration":2.751899999999978,"failureMessages":[],"meta":{},"tags":[]},{"ancestorTitles":[],"fullName":"a fresh provider failure or missing new-turn boundary still blocks on real quota","status":"passed","title":"a fresh provider failure or missing new-turn boundary still blocks on real quota","duration":4.085399999999993,"failureMessages":[],"meta":{},"tags":[]},{"ancestorTitles":[],"fullName":"a completed new turn overrides a changed quota footer even when old result events have fallen outside the history window","status":"passed","title":"a completed new turn overrides a changed quota footer even when old result events have fallen outside the history window","duration":3.713300000000004,"failureMessages":[],"meta":{},"tags":[]},{"ancestorTitles":[],"fullName":"a model response discussing quota does not itself prove a quota failure","status":"passed","title":"a model response discussing quota does not itself prove a quota failure","duration":3.3403999999999883,"failureMessages":[],"meta":{},"tags":[]}],"startTime":1789455183525,"endTime":1789455183565.3403,"status":"passed","message":"","name":"D:/Code/system-handle/tests/unit/current-turn.test.ts"},{"assertionResults":[{"ancestorTitles":[],"fullName":"diagnosis wire format closes repository maps and makes optional fields nullable","status":"passed","title":"diagnosis wire format closes repository maps and makes optional fields nullable","duration":20.75630000000001,"failureMessages":[],"meta":{},"tags":[]},{"ancestorTitles":[],"fullName":"nullable wire optionals decode while invalid repair plans still fail validation","status":"passed","title":"nullable wire optionals decode while invalid repair plans still fail validation","duration":15.272400000000005,"failureMessages":[],"meta":{},"tags":[]},{"ancestorTitles":[],"fullName":"user failure summaries do not expose internal commands or stack traces","status":"passed","title":"user failure summaries do not expose internal commands or stack traces","duration":0.6049999999999613,"failureMessages":[],"meta":{},"tags":[]}],"startTime":1789455185365,"endTime":1789455185401.605,"status":"passed","message":"","name":"D:/Code/system-handle/tests/unit/diagnosis-output.test.ts"},{"assertionResults":[{"ancestorTitles":[],"fullName":"UT-06 parses Chinese labels in an isolated DOM and rejects invalid diagram grammar","status":"passed","title":"UT-06 parses Chinese labels in an isolated DOM and rejects invalid diagram grammar","duration":10257.3535,"failureMessages":[],"meta":{},"tags":[]}],"startTime":1789455146617,"endTime":1789455156874.3535,"status":"passed","message":"","name":"D:/Code/system-handle/tests/unit/diagrams.test.ts"},{"assertionResults":[{"ancestorTitles":[],"fullName":"redacts nested tool JSON values without corrupting quotes or the event structure","status":"passed","title":"redacts nested tool JSON values without corrupting quotes or the event structure","duration":6.299599999999998,"failureMessages":[],"meta":{},"tags":[]},{"ancestorTitles":[],"fullName":"search ignores compiled output and binary bytes and rejects direct binary reads","status":"passed","title":"search ignores compiled output and binary bytes and rejects direct binary reads","duration":17.47479999999996,"failureMessages":[],"meta":{},"tags":[]}],"startTime":1789455185829,"endTime":1789455185852.4749,"status":"passed","message":"","name":"D:/Code/system-handle/tests/unit/log-safety.test.ts"},{"assertionResults":[{"ancestorTitles":[],"fullName":"UT-19 log projection orders and deduplicates events, joins text chunks and never mixes workflows or runs","status":"passed","title":"UT-19 log projection orders and deduplicates events, joins text chunks and never mixes workflows or runs","duration":5.21369999999996,"failureMessages":[],"meta":{},"tags":[]},{"ancestorTitles":[],"fullName":"summarizes tool calls, hides prompts and marks interrupted operations","status":"passed","title":"summarizes tool calls, hides prompts and marks interrupted operations","duration":2.247099999999989,"failureMessages":[],"meta":{},"tags":[]},{"ancestorTitles":[],"fullName":"groups blank and high-volume service output without crowding meaningful progress","status":"passed","title":"groups blank and high-volume service output without crowding meaningful progress","duration":1.181100000000015,"failureMessages":[],"meta":{},"tags":[]},{"ancestorTitles":[],"fullName":"DF-STAGE-U08 blocked event explains timeout without inventing history","status":"passed","title":"DF-STAGE-U08 blocked event explains timeout without inventing history","duration":0.6389000000000351,"failureMessages":[],"meta":{},"tags":[]}],"startTime":1789455186785,"endTime":1789455186794.639,"status":"passed","message":"","name":"D:/Code/system-handle/tests/unit/logs.test.ts"},{"assertionResults":[{"ancestorTitles":[],"fullName":"UT-20 backup manifest detects tampering and rejects traversal","status":"passed","title":"UT-20 backup manifest detects tampering and rejects traversal","duration":205.94669999999996,"failureMessages":[],"meta":{},"tags":[]},{"ancestorTitles":[],"fullName":"IT-16 backup restores database and evidence at their original paths","status":"passed","title":"IT-16 backup restores database and evidence at their original paths","duration":85.42449999999997,"failureMessages":[],"meta":{},"tags":[]},{"ancestorTitles":[],"fullName":"UT-20 retention compresses only expired terminal logs and preserves exact bytes","status":"passed","title":"UT-20 retention compresses only expired terminal logs and preserves exact bytes","duration":46.323800000000006,"failureMessages":[],"meta":{},"tags":[]}],"startTime":1789455182757,"endTime":1789455183095.3237,"status":"passed","message":"","name":"D:/Code/system-handle/tests/unit/maintenance.test.ts"},{"assertionResults":[{"ancestorTitles":[],"fullName":"UT-15 browser evidence records only observed assertions and fails missing values","status":"passed","title":"UT-15 browser evidence records only observed assertions and fails missing values","duration":11.463899999999967,"failureMessages":[],"meta":{},"tags":[]},{"ancestorTitles":[],"fullName":"UT-05 agy grants are scoped to a unique project and never permit native commands","status":"passed","title":"UT-05 agy grants are scoped to a unique project and never permit native commands","duration":38.68709999999999,"failureMessages":[],"meta":{},"tags":[]},{"ancestorTitles":[],"fullName":"UT-15 browser scenes cannot enter controller approval even if an origin is misconfigured","status":"passed","title":"UT-15 browser scenes cannot enter controller approval even if an origin is misconfigured","duration":58.512500000000045,"failureMessages":[],"meta":{},"tags":[]}],"startTime":1789455071655,"endTime":1789455071763.5125,"status":"passed","message":"","name":"D:/Code/system-handle/tests/unit/recipe.test.ts"},{"assertionResults":[{"ancestorTitles":[],"fullName":"UT-16 Codex wire schema uses explicit repository keys and closed required properties","status":"passed","title":"UT-16 Codex wire schema uses explicit repository keys and closed required properties","duration":16.72679999999997,"failureMessages":[],"meta":{},"tags":[]}],"startTime":1789455186363,"endTime":1789455186379.7268,"status":"passed","message":"","name":"D:/Code/system-handle/tests/unit/review-output.test.ts"},{"assertionResults":[{"ancestorTitles":[],"fullName":"DF-STAGE-U02 one deadline includes preparation time","status":"passed","title":"DF-STAGE-U02 one deadline includes preparation time","duration":1752.8192999999999,"failureMessages":[],"meta":{},"tags":[]},{"ancestorTitles":[],"fullName":"DF-STAGE-U03 credential grace never authorizes expired run","status":"passed","title":"DF-STAGE-U03 credential grace never authorizes expired run","duration":1712.5907000000002,"failureMessages":[],"meta":{},"tags":[]},{"ancestorTitles":[],"fullName":"DF-STAGE-U04 first termination reason wins","status":"passed","title":"DF-STAGE-U04 first termination reason wins","duration":148.2421000000004,"failureMessages":[],"meta":{},"tags":[]}],"startTime":1789455171306,"endTime":1789455174919.2422,"status":"passed","message":"","name":"D:/Code/system-handle/tests/unit/run-deadline.test.ts"},{"assertionResults":[{"ancestorTitles":[],"fullName":"DF-STAGE-U05 policy reasons stay distinct from model auth","status":"passed","title":"DF-STAGE-U05 policy reasons stay distinct from model auth","duration":2.7602999999999724,"failureMessages":[],"meta":{},"tags":[]},{"ancestorTitles":[],"fullName":"DF-STAGE-U06 timeout without result retains TIMEOUT","status":"passed","title":"DF-STAGE-U06 timeout without result retains TIMEOUT","duration":2.4762999999999806,"failureMessages":[],"meta":{},"tags":[]},{"ancestorTitles":[],"fullName":"DF-STAGE-U07 exit 130 alone does not prove timeout","status":"passed","title":"DF-STAGE-U07 exit 130 alone does not prove timeout","duration":1.2695999999999685,"failureMessages":[],"meta":{},"tags":[]}],"startTime":1789455187212,"endTime":1789455187218.2695,"status":"passed","message":"","name":"D:/Code/system-handle/tests/unit/run-failure.test.ts"},{"assertionResults":[{"ancestorTitles":[],"fullName":"DF-STAGE-U01 rejects missing isolated preview environment","status":"passed","title":"DF-STAGE-U01 rejects missing isolated preview environment","duration":889.5380000000001,"failureMessages":[],"meta":{},"tags":[]}],"startTime":1789455180324,"endTime":1789455181213.538,"status":"passed","message":"","name":"D:/Code/system-handle/tests/unit/stage-adapter.test.ts"},{"assertionResults":[{"ancestorTitles":[],"fullName":"UT-03 transaction rollback removes events and idempotency prevents duplicate transitions","status":"passed","title":"UT-03 transaction rollback removes events and idempotency prevents duplicate transitions","duration":68.57800000000009,"failureMessages":[],"meta":{},"tags":[]},{"ancestorTitles":[],"fullName":"UT-04 human proofs cannot approve a different plan revision","status":"passed","title":"UT-04 human proofs cannot approve a different plan revision","duration":70.26010000000008,"failureMessages":[],"meta":{},"tags":[]},{"ancestorTitles":[],"fullName":"UT-05 revoked and foreign worker credentials are rejected","status":"passed","title":"UT-05 revoked and foreign worker credentials are rejected","duration":23.275699999999915,"failureMessages":[],"meta":{},"tags":[]},{"ancestorTitles":[],"fullName":"UT-08 resource acquisition is atomic, fenced and cannot steal expired leases","status":"passed","title":"UT-08 resource acquisition is atomic, fenced and cannot steal expired leases","duration":22.881899999999973,"failureMessages":[],"meta":{},"tags":[]},{"ancestorTitles":[],"fullName":"UT-08 scheduler rotates projects and retains per-project order","status":"passed","title":"UT-08 scheduler rotates projects and retains per-project order","duration":19.15440000000001,"failureMessages":[],"meta":{},"tags":[]},{"ancestorTitles":[],"fullName":"UT-18 restart revokes live runs without marking stale leases free","status":"passed","title":"UT-18 restart revokes live runs without marking stale leases free","duration":21.707200000000057,"failureMessages":[],"meta":{},"tags":[]}],"startTime":1789455181874,"endTime":1789455182100.7073,"status":"passed","message":"","name":"D:/Code/system-handle/tests/unit/state.test.ts"}]}