{"numTotalTestSuites":3,"numPassedTestSuites":3,"numFailedTestSuites":0,"numPendingTestSuites":0,"numTotalTests":9,"numPassedTests":9,"numFailedTests":0,"numPendingTests":0,"numTodoTests":0,"snapshot":{"added":0,"failure":false,"filesAdded":0,"filesRemoved":0,"filesRemovedList":[],"filesUnmatched":0,"filesUpdated":0,"matched":0,"total":0,"unchecked":0,"uncheckedKeysByFile":[],"unmatched":0,"updated":0,"didUpdate":false},"startTime":1789455261900,"success":true,"testResults":[{"assertionResults":[{"ancestorTitles":[],"fullName":"a shared test failure preserves unchanged implementation and displays passed development cases","status":"passed","title":"a shared test failure preserves unchanged implementation and displays passed development cases","duration":13458.383699999998,"failureMessages":[],"meta":{},"tags":[]},{"ancestorTitles":[],"fullName":"legacy invalidations reconcile only exact unchanged source and do not manufacture verification","status":"passed","title":"legacy invalidations reconcile only exact unchanged source and do not manufacture verification","duration":4868.7225,"failureMessages":[],"meta":{},"tags":[]},{"ancestorTitles":[],"fullName":"repeated unchanged declarations do not emit additional completion events","status":"passed","title":"repeated unchanged declarations do not emit additional completion events","duration":4151.756400000002,"failureMessages":[],"meta":{},"tags":[]},{"ancestorTitles":[],"fullName":"constant-only placeholder tests cannot be declared or executed as business evidence","status":"passed","title":"constant-only placeholder tests cannot be declared or executed as business evidence","duration":2792.2585999999974,"failureMessages":[],"meta":{},"tags":[]}],"startTime":1789455292515,"endTime":1789455317787.2585,"status":"passed","message":"","name":"D:/Code/system-handle/tests/integration/progress-recovery.test.ts"},{"assertionResults":[{"ancestorTitles":[],"fullName":"keeps downstream submissions and timestamps across prerequisite repair without repeating claims or restoring test evidence","status":"passed","title":"keeps downstream submissions and timestamps across prerequisite repair without repeating claims or restoring test evidence","duration":8124.641500000001,"failureMessages":[],"meta":{},"tags":[]},{"ancestorTitles":[],"fullName":"tracks a leaf task, refuses premature completion, invalidates changed implementation and lists per-file diffs from task branch baseline","status":"passed","title":"tracks a leaf task, refuses premature completion, invalidates changed implementation and lists per-file diffs from task branch baseline","duration":8485.174200000001,"failureMessages":[],"meta":{},"tags":[]},{"ancestorTitles":[],"fullName":"counts current planned cases once; latest failure, skipped and stale results never inflate passes","status":"passed","title":"counts current planned cases once; latest failure, skipped and stale results never inflate passes","duration":6543.3728999999985,"failureMessages":[],"meta":{},"tags":[]}],"startTime":1789455318776,"endTime":1789455341932.3728,"status":"passed","message":"","name":"D:/Code/system-handle/tests/integration/progress.test.ts"},{"assertionResults":[{"ancestorTitles":[],"fullName":"IT-12 repair plan requires new approval and cannot reuse evidence even when source snapshot is identical","status":"passed","title":"IT-12 repair plan requires new approval and cannot reuse evidence even when source snapshot is identical","duration":17091.4842,"failureMessages":[],"meta":{},"tags":[]},{"ancestorTitles":[],"fullName":"IT-04 approved filename cannot write through a hardlink into another directory","status":"passed","title":"IT-04 approved filename cannot write through a hardlink into another directory","duration":6397.3838,"failureMessages":[],"meta":{},"tags":[]}],"startTime":1789455264719,"endTime":1789455288214.3838,"status":"passed","message":"","name":"D:/Code/system-handle/tests/integration/repair-review.test.ts"}]}