{"numTotalTestSuites":19,"numPassedTestSuites":19,"numFailedTestSuites":0,"numPendingTestSuites":0,"numTotalTests":62,"numPassedTests":62,"numFailedTests":0,"numPendingTests":0,"numTodoTests":0,"snapshot":{"added":0,"failure":false,"filesAdded":0,"filesRemoved":0,"filesRemovedList":[],"filesUnmatched":0,"filesUpdated":0,"matched":0,"total":0,"unchecked":0,"uncheckedKeysByFile":[],"unmatched":0,"updated":0,"didUpdate":false},"startTime":1789124727290,"success":true,"testResults":[{"assertionResults":[{"ancestorTitles":[],"fullName":"IT-10 failed real test reopens scoped repair and invalidates all old evidence before retest","status":"passed","title":"IT-10 failed real test reopens scoped repair and invalidates all old evidence before retest","duration":16564.300600000002,"failureMessages":[],"meta":{},"tags":[]}],"startTime":1789124883454,"endTime":1789124900018.3005,"status":"passed","message":"","name":"D:/Code/system-handle/tests/integration/check-repair.test.ts"},{"assertionResults":[{"ancestorTitles":[],"fullName":"IT-06/07 three parallel environments use distinct ports, real frontend proxies and isolated persisted data","status":"passed","title":"IT-06/07 three parallel environments use distinct ports, real frontend proxies and isolated persisted data","duration":10526.8371,"failureMessages":[],"meta":{},"tags":[]},{"ancestorTitles":[],"fullName":"IT-07 registered fixture receives only its workflow data namespace before environment readiness","status":"passed","title":"IT-07 registered fixture receives only its workflow data namespace before environment readiness","duration":3342.7592000000004,"failureMessages":[],"meta":{},"tags":[]}],"startTime":1789124853211,"endTime":1789124867081.7593,"status":"passed","message":"","name":"D:/Code/system-handle/tests/integration/environments.test.ts"},{"assertionResults":[{"ancestorTitles":[],"fullName":"IT-09 Windows Hook preserves Chinese JSON and enforces live run revocation","status":"passed","title":"IT-09 Windows Hook preserves Chinese JSON and enforces live run revocation","duration":14710.447100000001,"failureMessages":[],"meta":{},"tags":[]}],"startTime":1789124874559,"endTime":1789124889269.447,"status":"passed","message":"","name":"D:/Code/system-handle/tests/integration/hook.test.ts"},{"assertionResults":[{"ancestorTitles":[],"fullName":"R1 'missing report' records the actual error and reopens repair without invented passing cases","status":"passed","title":"R1 'missing report' records the actual error and reopens repair without invented passing cases","duration":2377.3998,"failureMessages":[],"meta":{},"tags":[]},{"ancestorTitles":[],"fullName":"R1 'malformed report' records the actual error and reopens repair without invented passing cases","status":"passed","title":"R1 'malformed report' records the actual error and reopens repair without invented passing cases","duration":605.1219999999994,"failureMessages":[],"meta":{},"tags":[]},{"ancestorTitles":[],"fullName":"R1 browser assertion exceptions record failure instead of trapping the worker in VERIFYING","status":"passed","title":"R1 browser assertion exceptions record failure instead of trapping the worker in VERIFYING","duration":90.44659999999931,"failureMessages":[],"meta":{},"tags":[]},{"ancestorTitles":[],"fullName":"R1 waiting for a browser lease is a retryable precondition and creates no failed evidence","status":"passed","title":"R1 waiting for a browser lease is a retryable precondition and creates no failed evidence","duration":71.21990000000096,"failureMessages":[],"meta":{},"tags":[]},{"ancestorTitles":[],"fullName":"R2 stopping during verification preparation cannot launch a late agent","status":"passed","title":"R2 stopping during verification preparation cannot launch a late agent","duration":65.23099999999977,"failureMessages":[],"meta":{},"tags":[]},{"ancestorTitles":[],"fullName":"R2 stopping during review preparation cannot launch a late agent","status":"passed","title":"R2 stopping during review preparation cannot launch a late agent","duration":105.14650000000074,"failureMessages":[],"meta":{},"tags":[]},{"ancestorTitles":[],"fullName":"R2 stopping while checking the snapshot cannot launch a late test or reopen a stopped workflow","status":"passed","title":"R2 stopping while checking the snapshot cannot launch a late test or reopen a stopped workflow","duration":59.65220000000045,"failureMessages":[],"meta":{},"tags":[]},{"ancestorTitles":[],"fullName":"R2 an old queued preparation success cannot activate or block a recovered queue entry","status":"passed","title":"R2 an old queued preparation success cannot activate or block a recovered queue entry","duration":82.83729999999923,"failureMessages":[],"meta":{},"tags":[]},{"ancestorTitles":[],"fullName":"R2 an old queued preparation failure cannot activate or block a recovered queue entry","status":"passed","title":"R2 an old queued preparation failure cannot activate or block a recovered queue entry","duration":81.4935000000005,"failureMessages":[],"meta":{},"tags":[]},{"ancestorTitles":[],"fullName":"R3 changed project configuration is rejected at feedback, recovery and dispatch before workspace or model execution","status":"passed","title":"R3 changed project configuration is rejected at feedback, recovery and dispatch before workspace or model execution","duration":75.4390000000003,"failureMessages":[],"meta":{},"tags":[]},{"ancestorTitles":[],"fullName":"R3 project registration rechecks active workflows after repository inspection","status":"passed","title":"R3 project registration rechecks active workflows after repository inspection","duration":120.67189999999937,"failureMessages":[],"meta":{},"tags":[]},{"ancestorTitles":[],"fullName":"R4 different tests of one workflow cannot concurrently consume a shared report path","status":"passed","title":"R4 different tests of one workflow cannot concurrently consume a shared report path","duration":54.95769999999902,"failureMessages":[],"meta":{},"tags":[]},{"ancestorTitles":[],"fullName":"R4 a late result cannot be attached after invalidation and refreezing identical source","status":"passed","title":"R4 a late result cannot be attached after invalidation and refreezing identical source","duration":551.849400000001,"failureMessages":[],"meta":{},"tags":[]}],"startTime":1789124905151,"endTime":1789124909493.8494,"status":"passed","message":"","name":"D:/Code/system-handle/tests/integration/precommit-runtime.test.ts"},{"assertionResults":[{"ancestorTitles":[],"fullName":"IT-08 Windows Host captures Unicode output and terminates job descendants on stop","status":"passed","title":"IT-08 Windows Host captures Unicode output and terminates job descendants on stop","duration":752.4430000000002,"failureMessages":[],"meta":{},"tags":[]},{"ancestorTitles":[],"fullName":"IT-15 one controller owns each state directory and releases ownership on exit","status":"passed","title":"IT-15 one controller owns each state directory and releases ownership on exit","duration":908.8287,"failureMessages":[],"meta":{},"tags":[]},{"ancestorTitles":[],"fullName":"IT-09 Host preserves large Chinese JSON stdin and escaped Windows paths byte-for-byte","status":"passed","title":"IT-09 Host preserves large Chinese JSON stdin and escaped Windows paths byte-for-byte","duration":2688.893899999999,"failureMessages":[],"meta":{},"tags":[]}],"startTime":1789124895547,"endTime":1789124899896.8938,"status":"passed","message":"","name":"D:/Code/system-handle/tests/integration/process.test.ts"},{"assertionResults":[{"ancestorTitles":[],"fullName":"IT-14 exact multi-repository commit resumes after second branch update fails","status":"passed","title":"IT-14 exact multi-repository commit resumes after second branch update fails","duration":25752.6851,"failureMessages":[],"meta":{},"tags":[]},{"ancestorTitles":[],"fullName":"IT-15 named job reconciliation distinguishes active process trees from terminated ones","status":"passed","title":"IT-15 named job reconciliation distinguishes active process trees from terminated ones","duration":1199.8093000000008,"failureMessages":[],"meta":{},"tags":[]}],"startTime":1789124849759,"endTime":1789124876711.8093,"status":"passed","message":"","name":"D:/Code/system-handle/tests/integration/recovery.test.ts"},{"assertionResults":[{"ancestorTitles":[],"fullName":"IT-12 repair plan requires new approval and cannot reuse evidence even when source snapshot is identical","status":"passed","title":"IT-12 repair plan requires new approval and cannot reuse evidence even when source snapshot is identical","duration":66901.9047,"failureMessages":[],"meta":{},"tags":[]},{"ancestorTitles":[],"fullName":"IT-04 approved filename cannot write through a hardlink into another directory","status":"passed","title":"IT-04 approved filename cannot write through a hardlink into another directory","duration":3744.886400000003,"failureMessages":[],"meta":{},"tags":[]}],"startTime":1789124732170,"endTime":1789124802816.8865,"status":"passed","message":"","name":"D:/Code/system-handle/tests/integration/repair-review.test.ts"},{"assertionResults":[{"ancestorTitles":[],"fullName":"UT-16/17 independent commit gates reject missing approval, stale acceptance, evidence, coverage and changed project configuration","status":"passed","title":"UT-16/17 independent commit gates reject missing approval, stale acceptance, evidence, coverage and changed project configuration","duration":23835.270900000003,"failureMessages":[],"meta":{},"tags":[]}],"startTime":1789124820532,"endTime":1789124844367.271,"status":"passed","message":"","name":"D:/Code/system-handle/tests/integration/review-gates.test.ts"},{"assertionResults":[{"ancestorTitles":[],"fullName":"IT-12 reviewer MCP exposes only read tools and rejects foreign or changed snapshot files","status":"passed","title":"IT-12 reviewer MCP exposes only read tools and rejects foreign or changed snapshot files","duration":8118.7088,"failureMessages":[],"meta":{},"tags":[]}],"startTime":1789124903778,"endTime":1789124911896.7087,"status":"passed","message":"","name":"D:/Code/system-handle/tests/integration/review-reader.test.ts"},{"assertionResults":[{"ancestorTitles":[],"fullName":"local console opens without pairing, cookies or login, including old credentials","status":"passed","title":"local console opens without pairing, cookies or login, including old credentials","duration":3076.1337999999996,"failureMessages":[],"meta":{},"tags":[]},{"ancestorTitles":[],"fullName":"button approval binds the viewed version, rejects foreign pages and repeated submissions","status":"passed","title":"button approval binds the viewed version, rejects foreign pages and repeated submissions","duration":120.34770000000026,"failureMessages":[],"meta":{},"tags":[]},{"ancestorTitles":[],"fullName":"event streams work without login and reject missing or foreign Origin at upgrade","status":"passed","title":"event streams work without login and reject missing or foreign Origin at upgrade","duration":48.23999999999978,"failureMessages":[],"meta":{},"tags":[]}],"startTime":1789124918525,"endTime":1789124921769.24,"status":"passed","message":"","name":"D:/Code/system-handle/tests/integration/session.test.ts"},{"assertionResults":[{"ancestorTitles":[],"fullName":"IT-04 rejects outside scope, stale writes, hardlinks and freezes writes during tests","status":"passed","title":"IT-04 rejects outside scope, stale writes, hardlinks and freezes writes during tests","duration":4347.1371,"failureMessages":[],"meta":{},"tags":[]},{"ancestorTitles":[],"fullName":"IT-05 independently prepares two worktrees in one shared repository","status":"passed","title":"IT-05 independently prepares two worktrees in one shared repository","duration":4518.152999999998,"failureMessages":[],"meta":{},"tags":[]},{"ancestorTitles":[],"fullName":"IT-10 snapshot detects source changes and task declarations never substitute for evidence","status":"passed","title":"IT-10 snapshot detects source changes and task declarations never substitute for evidence","duration":6200.819599999999,"failureMessages":[],"meta":{},"tags":[]},{"ancestorTitles":[],"fullName":"IT-13 pass review commits only the accepted exact tree and leaves a clean index","status":"passed","title":"IT-13 pass review commits only the accepted exact tree and leaves a clean index","duration":13220.030099999996,"failureMessages":[],"meta":{},"tags":[]},{"ancestorTitles":[],"fullName":"IT-03 API rejects untrusted Host, foreign Origin, allow local access and reject planner-as-human","status":"passed","title":"IT-03 API rejects untrusted Host, foreign Origin, allow local access and reject planner-as-human","duration":4116.220499999996,"failureMessages":[],"meta":{},"tags":[]},{"ancestorTitles":[],"fullName":"IT-03 MCP exposes planning tools without any human-approval capability","status":"passed","title":"IT-03 MCP exposes planning tools without any human-approval capability","duration":287.0708999999988,"failureMessages":[],"meta":{},"tags":[]},{"ancestorTitles":[],"fullName":"IT-09 large Chinese plan and tool contracts traverse bounded MCP pages without temp-file fallback","status":"passed","title":"IT-09 large Chinese plan and tool contracts traverse bounded MCP pages without temp-file fallback","duration":3152.306000000004,"failureMessages":[],"meta":{},"tags":[]}],"startTime":1789124813122,"endTime":1789124848966.306,"status":"passed","message":"","name":"D:/Code/system-handle/tests/integration/workflow.test.ts"},{"assertionResults":[{"ancestorTitles":["配置与计划合同"],"fullName":"配置与计划合同 UT-01 rejects unknown keys and invalid model substitutions","status":"passed","title":"UT-01 rejects unknown keys and invalid model substitutions","duration":11.409799999999905,"failureMessages":[],"meta":{},"tags":[]},{"ancestorTitles":["配置与计划合同"],"fullName":"配置与计划合同 UT-02 canonical hash is independent of object key order","status":"passed","title":"UT-02 canonical hash is independent of object key order","duration":18.440599999999904,"failureMessages":[],"meta":{},"tags":[]},{"ancestorTitles":["配置与计划合同"],"fullName":"配置与计划合同 UT-06 validates DAG, test links, layers and diagrams","status":"passed","title":"UT-06 validates DAG, test links, layers and diagrams","duration":10.521600000000035,"failureMessages":[],"meta":{},"tags":[]},{"ancestorTitles":["配置与计划合同"],"fullName":"配置与计划合同 UT-06 rejects absent diagrams and unresolved decisions","status":"passed","title":"UT-06 rejects absent diagrams and unresolved decisions","duration":1.5718000000001666,"failureMessages":[],"meta":{},"tags":[]},{"ancestorTitles":["配置与计划合同"],"fullName":"配置与计划合同 UT-07 blocks traversal and Windows alternate stream paths","status":"passed","title":"UT-07 blocks traversal and Windows alternate stream paths","duration":0.6421999999997752,"failureMessages":[],"meta":{},"tags":[]},{"ancestorTitles":["配置与计划合同"],"fullName":"配置与计划合同 UT-10 parses fragmented multibyte JSONL and final non-newline result","status":"passed","title":"UT-10 parses fragmented multibyte JSONL and final non-newline result","duration":1.4533999999998741,"failureMessages":[],"meta":{},"tags":[]},{"ancestorTitles":["配置与计划合同"],"fullName":"配置与计划合同 UT-10 rejects invalid and oversized events","status":"passed","title":"UT-10 rejects invalid and oversized events","duration":0.5486000000000786,"failureMessages":[],"meta":{},"tags":[]},{"ancestorTitles":["配置与计划合同"],"fullName":"配置与计划合同 UT-11 binds model and conversation and requires exit success","status":"passed","title":"UT-11 binds model and conversation and requires exit success","duration":0.618199999999888,"failureMessages":[],"meta":{},"tags":[]},{"ancestorTitles":["配置与计划合同"],"fullName":"配置与计划合同 UT-13 rejects zero tests, skipped tests and missing expected assertions","status":"passed","title":"UT-13 rejects zero tests, skipped tests and missing expected assertions","duration":0.7427000000002408,"failureMessages":[],"meta":{},"tags":[]},{"ancestorTitles":["配置与计划合同"],"fullName":"配置与计划合同 UT-13 parses real report shapes","status":"passed","title":"UT-13 parses real report shapes","duration":4.591200000000299,"failureMessages":[],"meta":{},"tags":[]},{"ancestorTitles":["配置与计划合同"],"fullName":"配置与计划合同 UT-19 redacts secrets from public logs","status":"passed","title":"UT-19 redacts secrets from public logs","duration":0.7507000000000517,"failureMessages":[],"meta":{},"tags":[]}],"startTime":1789124926240,"endTime":1789124926291.7507,"status":"passed","message":"","name":"D:/Code/system-handle/tests/unit/contracts.test.ts"},{"assertionResults":[{"ancestorTitles":[],"fullName":"UT-06 parses Chinese labels in an isolated DOM and rejects invalid diagram grammar","status":"passed","title":"UT-06 parses Chinese labels in an isolated DOM and rejects invalid diagram grammar","duration":84438.22589999999,"failureMessages":[],"meta":{},"tags":[]}],"startTime":1789124732171,"endTime":1789124816609.2258,"status":"passed","message":"","name":"D:/Code/system-handle/tests/unit/diagrams.test.ts"},{"assertionResults":[{"ancestorTitles":[],"fullName":"UT-19 log projection orders and deduplicates events, joins text chunks and never mixes workflows or runs","status":"passed","title":"UT-19 log projection orders and deduplicates events, joins text chunks and never mixes workflows or runs","duration":4.762200000000121,"failureMessages":[],"meta":{},"tags":[]}],"startTime":1789124927649,"endTime":1789124927653.7622,"status":"passed","message":"","name":"D:/Code/system-handle/tests/unit/logs.test.ts"},{"assertionResults":[{"ancestorTitles":[],"fullName":"UT-20 backup manifest detects tampering and rejects traversal","status":"passed","title":"UT-20 backup manifest detects tampering and rejects traversal","duration":97.72629999999936,"failureMessages":[],"meta":{},"tags":[]},{"ancestorTitles":[],"fullName":"IT-16 backup restores database and evidence at their original paths","status":"passed","title":"IT-16 backup restores database and evidence at their original paths","duration":63.99089999999978,"failureMessages":[],"meta":{},"tags":[]},{"ancestorTitles":[],"fullName":"UT-20 retention compresses only expired terminal logs and preserves exact bytes","status":"passed","title":"UT-20 retention compresses only expired terminal logs and preserves exact bytes","duration":44.166299999999865,"failureMessages":[],"meta":{},"tags":[]}],"startTime":1789124922059,"endTime":1789124922265.1663,"status":"passed","message":"","name":"D:/Code/system-handle/tests/unit/maintenance.test.ts"},{"assertionResults":[{"ancestorTitles":[],"fullName":"UT-15 browser evidence records only observed assertions and fails missing values","status":"passed","title":"UT-15 browser evidence records only observed assertions and fails missing values","duration":12.67430000000013,"failureMessages":[],"meta":{},"tags":[]},{"ancestorTitles":[],"fullName":"UT-05 agy grants are scoped to a unique project and never permit native commands","status":"passed","title":"UT-05 agy grants are scoped to a unique project and never permit native commands","duration":69.70690000000013,"failureMessages":[],"meta":{},"tags":[]},{"ancestorTitles":[],"fullName":"UT-15 browser scenes cannot enter controller approval even if an origin is misconfigured","status":"passed","title":"UT-15 browser scenes cannot enter controller approval even if an origin is misconfigured","duration":56.66809999999987,"failureMessages":[],"meta":{},"tags":[]}],"startTime":1789124925659,"endTime":1789124925797.6682,"status":"passed","message":"","name":"D:/Code/system-handle/tests/unit/recipe.test.ts"},{"assertionResults":[{"ancestorTitles":[],"fullName":"UT-16 Codex wire schema uses explicit repository keys and closed required properties","status":"passed","title":"UT-16 Codex wire schema uses explicit repository keys and closed required properties","duration":10.36349999999993,"failureMessages":[],"meta":{},"tags":[]}],"startTime":1789124928438,"endTime":1789124928448.3635,"status":"passed","message":"","name":"D:/Code/system-handle/tests/unit/review-output.test.ts"},{"assertionResults":[{"ancestorTitles":[],"fullName":"UT-03 transaction rollback removes events and idempotency prevents duplicate transitions","status":"passed","title":"UT-03 transaction rollback removes events and idempotency prevents duplicate transitions","duration":113.21729999999934,"failureMessages":[],"meta":{},"tags":[]},{"ancestorTitles":[],"fullName":"UT-04 human proofs cannot approve a different plan revision","status":"passed","title":"UT-04 human proofs cannot approve a different plan revision","duration":69.66099999999915,"failureMessages":[],"meta":{},"tags":[]},{"ancestorTitles":[],"fullName":"UT-05 revoked and foreign worker credentials are rejected","status":"passed","title":"UT-05 revoked and foreign worker credentials are rejected","duration":18.547700000000077,"failureMessages":[],"meta":{},"tags":[]},{"ancestorTitles":[],"fullName":"UT-08 resource acquisition is atomic, fenced and cannot steal expired leases","status":"passed","title":"UT-08 resource acquisition is atomic, fenced and cannot steal expired leases","duration":23.408400000000256,"failureMessages":[],"meta":{},"tags":[]},{"ancestorTitles":[],"fullName":"UT-08 scheduler rotates projects and retains per-project order","status":"passed","title":"UT-08 scheduler rotates projects and retains per-project order","duration":18.61779999999999,"failureMessages":[],"meta":{},"tags":[]},{"ancestorTitles":[],"fullName":"UT-18 restart revokes live runs without marking stale leases free","status":"passed","title":"UT-18 restart revokes live runs without marking stale leases free","duration":27.092399999999543,"failureMessages":[],"meta":{},"tags":[]}],"startTime":1789124916478,"endTime":1789124916750.0923,"status":"passed","message":"","name":"D:/Code/system-handle/tests/unit/state.test.ts"}]}