{"numTotalTestSuites":1,"numPassedTestSuites":1,"numFailedTestSuites":0,"numPendingTestSuites":0,"numTotalTests":1,"numPassedTests":1,"numFailedTests":0,"numPendingTests":0,"numTodoTests":0,"snapshot":{"added":0,"failure":false,"filesAdded":0,"filesRemoved":0,"filesRemovedList":[],"filesUnmatched":0,"filesUpdated":0,"matched":0,"total":0,"unchecked":0,"uncheckedKeysByFile":[],"unmatched":0,"updated":0,"didUpdate":false},"startTime":1789125414050,"success":true,"testResults":[{"assertionResults":[{"ancestorTitles":[],"fullName":"unified entry discovers onboarding, reuses a conversation and keeps worktrees and new tasks distinct","status":"passed","title":"unified entry discovers onboarding, reuses a conversation and keeps worktrees and new tasks distinct","duration":10281.0362,"failureMessages":[],"meta":{},"tags":[]}],"startTime":1789125418091,"endTime":1789125428372.0361,"status":"passed","message":"","name":"D:/Code/system-handle/tests/integration/intake.test.ts"}]}