{"numTotalTestSuites":57,"numPassedTestSuites":55,"numFailedTestSuites":2,"numPendingTestSuites":0,"numTotalTests":205,"numPassedTests":203,"numFailedTests":2,"numPendingTests":0,"numTodoTests":0,"snapshot":{"added":0,"failure":false,"filesAdded":0,"filesRemoved":0,"filesRemovedList":[],"filesUnmatched":0,"filesUpdated":0,"matched":0,"total":0,"unchecked":0,"uncheckedKeysByFile":[],"unmatched":0,"updated":0,"didUpdate":false},"startTime":1789538355857,"success":false,"testResults":[{"assertionResults":[{"ancestorTitles":[],"fullName":"IT-10 failed real test reopens scoped repair and invalidates all old evidence before retest","status":"failed","title":"IT-10 failed real test reopens scoped repair and invalidates all old evidence before retest","duration":60015.4075,"failureMessages":["Error: STACK_TRACE_ERROR\n    at task (file:///C:/Code/system-handle/node_modules/.pnpm/@vitest+runner@4.1.11/node_modules/@vitest/runner/dist/chunk-artifact.js:1784:27)\n    at Object.<anonymous> (file:///C:/Code/system-handle/node_modules/.pnpm/@vitest+runner@4.1.11/node_modules/@vitest/runner/dist/chunk-artifact.js:1817:16)\n    at Object.<anonymous> (file:///C:/Code/system-handle/node_modules/.pnpm/@vitest+runner@4.1.11/node_modules/@vitest/runner/dist/chunk-artifact.js:1563:28)\n    at chain (file:///C:/Code/system-handle/node_modules/.pnpm/@vitest+runner@4.1.11/node_modules/@vitest/runner/dist/chunk-artifact.js:599:14)\n    at C:/Code/system-handle/tests/integration/check-repair.test.ts:6:1\n    at processTicksAndRejections (node:internal/process/task_queues:103:5)\n    at VitestModuleEvaluator._runInlinedModule (file:///C:/Code/system-handle/node_modules/.pnpm/vitest@4.1.11_@types+node@2_74e0bbb212654a1af01aa0bbb7a56a3d/node_modules/vitest/dist/module-evaluator.js:206:4)\n    at VitestModuleRunner.directRequest (file:///C:/Code/system-handle/node_modules/.pnpm/vite@7.3.6_@types+node@22.20.2_tsx@4.23.13_yaml@2.9.0/node_modules/vite/dist/node/module-runner.js:1146:59)\n    at VitestModuleRunner.cachedRequest (file:///C:/Code/system-handle/node_modules/.pnpm/vite@7.3.6_@types+node@22.20.2_tsx@4.23.13_yaml@2.9.0/node_modules/vite/dist/node/module-runner.js:1053:73)\n    at VitestModuleRunner.import (file:///C:/Code/system-handle/node_modules/.pnpm/vite@7.3.6_@types+node@22.20.2_tsx@4.23.13_yaml@2.9.0/node_modules/vite/dist/node/module-runner.js:1014:10)"],"meta":{},"tags":[]}],"startTime":1789538610543,"endTime":1789538670558.4075,"status":"failed","message":"","name":"C:/Code/system-handle/tests/integration/check-repair.test.ts"},{"assertionResults":[{"ancestorTitles":[],"fullName":"a rejected output schema retries once without wire constraints and validates the actual returned diagnosis","status":"passed","title":"a rejected output schema retries once without wire constraints and validates the actual returned diagnosis","duration":8171.213699999999,"failureMessages":[],"meta":{},"tags":[]}],"startTime":1789538855542,"endTime":1789538863713.2136,"status":"passed","message":"","name":"C:/Code/system-handle/tests/integration/diagnosis-runtime.test.ts"},{"assertionResults":[{"ancestorTitles":[],"fullName":"development environment MCP calls escalate repeated failures to diagnosis and preserve bounded recovery","status":"passed","title":"development environment MCP calls escalate repeated failures to diagnosis and preserve bounded recovery","duration":5375.894899999999,"failureMessages":[],"meta":{},"tags":[]}],"startTime":1789538867828,"endTime":1789538873203.895,"status":"passed","message":"","name":"C:/Code/system-handle/tests/integration/environment-repair-tool.test.ts"},{"assertionResults":[{"ancestorTitles":[],"fullName":"health checks report duplicate or foreign identity immediately and keep transient readiness retryable","status":"passed","title":"health checks report duplicate or foreign identity immediately and keep transient readiness retryable","duration":611.7365,"failureMessages":[],"meta":{},"tags":[]},{"ancestorTitles":[],"fullName":"IT-06/07 three parallel environments use distinct ports, real frontend proxies and isolated persisted data","status":"passed","title":"IT-06/07 three parallel environments use distinct ports, real frontend proxies and isolated persisted data","duration":24295.4592,"failureMessages":[],"meta":{},"tags":[]},{"ancestorTitles":[],"fullName":"IT-07 registered fixture receives only its workflow data namespace before environment readiness","status":"passed","title":"IT-07 registered fixture receives only its workflow data namespace before environment readiness","duration":6168.6368,"failureMessages":[],"meta":{},"tags":[]}],"startTime":1789538727333,"endTime":1789538758410.6367,"status":"passed","message":"","name":"C:/Code/system-handle/tests/integration/environments.test.ts"},{"assertionResults":[{"ancestorTitles":[],"fullName":"operation authorization binds exact arguments and plan, survives restart, and executes at most once","status":"passed","title":"operation authorization binds exact arguments and plan, survives restart, and executes at most once","duration":4018.153699999999,"failureMessages":[],"meta":{},"tags":[]},{"ancestorTitles":[],"fullName":"denied operations never execute and a changed plan invalidates prior approval","status":"passed","title":"denied operations never execute and a changed plan invalidates prior approval","duration":3869.3824999999997,"failureMessages":[],"meta":{},"tags":[]},{"ancestorTitles":[],"fullName":"interrupted authorized commands retain unknown outcome and cannot consume approval twice","status":"passed","title":"interrupted authorized commands retain unknown outcome and cannot consume approval twice","duration":3569.2974999999988,"failureMessages":[],"meta":{},"tags":[]},{"ancestorTitles":[],"fullName":"HTTP authorization rejects foreign callers and resumes the original workflow with the exact decision","status":"passed","title":"HTTP authorization rejects foreign callers and resumes the original workflow with the exact decision","duration":4188.085000000001,"failureMessages":[],"meta":{},"tags":[]},{"ancestorTitles":[],"fullName":"a development test runs before any task claims, captures real failure, then passes without freezing delivery","status":"passed","title":"a development test runs before any task claims, captures real failure, then passes without freezing delivery","duration":15442.352299999999,"failureMessages":[],"meta":{},"tags":[]},{"ancestorTitles":[],"fullName":"repeated identical failure escalates to the planner and exhausts without pretending user input is missing","status":"passed","title":"repeated identical failure escalates to the planner and exhausts without pretending user input is missing","duration":3576.471700000002,"failureMessages":[],"meta":{},"tags":[]},{"ancestorTitles":[],"fullName":"planner infrastructure failure keeps the executor repairing and new errors get their own retry budget","status":"passed","title":"planner infrastructure failure keeps the executor repairing and new errors get their own retry budget","duration":3896.450299999997,"failureMessages":[],"meta":{},"tags":[]},{"ancestorTitles":[],"fullName":"quota and revoked runs are not blindly retried","status":"passed","title":"quota and revoked runs are not blindly retried","duration":4234.720200000003,"failureMessages":[],"meta":{},"tags":[]},{"ancestorTitles":[],"fullName":"resource waiting names the owner, resumes on release and can be cancelled","status":"passed","title":"resource waiting names the owner, resumes on release and can be cancelled","duration":4710.588799999998,"failureMessages":[],"meta":{},"tags":[]},{"ancestorTitles":[],"fullName":"an external source edit invalidates a recorded implementation without a page-triggered file scan","status":"passed","title":"an external source edit invalidates a recorded implementation without a page-triggered file scan","duration":5562.083599999998,"failureMessages":[],"meta":{},"tags":[]},{"ancestorTitles":[],"fullName":"missing reviewer executable cannot synthesize a passing review","status":"passed","title":"missing reviewer executable cannot synthesize a passing review","duration":12321.823799999998,"failureMessages":[],"meta":{},"tags":[]},{"ancestorTitles":[],"fullName":"HTTP summary and detail use read projections; history has a bounded backwards cursor","status":"passed","title":"HTTP summary and detail use read projections; history has a bounded backwards cursor","duration":8631.06689999999,"failureMessages":[],"meta":{},"tags":[]}],"startTime":1789538360311,"endTime":1789538434336.067,"status":"passed","message":"","name":"C:/Code/system-handle/tests/integration/execution-loop.test.ts"},{"assertionResults":[{"ancestorTitles":[],"fullName":"IT-09 Windows Hook preserves Chinese JSON and enforces live run revocation","status":"passed","title":"IT-09 Windows Hook preserves Chinese JSON and enforces live run revocation","duration":13608.4714,"failureMessages":[],"meta":{},"tags":[]}],"startTime":1789538822460,"endTime":1789538836068.4714,"status":"passed","message":"","name":"C:/Code/system-handle/tests/integration/hook.test.ts"},{"assertionResults":[{"ancestorTitles":[],"fullName":"unified entry discovers onboarding, reuses a conversation and keeps worktrees and new tasks distinct","status":"passed","title":"unified entry discovers onboarding, reuses a conversation and keeps worktrees and new tasks distinct","duration":39856.6727,"failureMessages":[],"meta":{},"tags":[]}],"startTime":1789538712318,"endTime":1789538752174.6726,"status":"passed","message":"","name":"C:/Code/system-handle/tests/integration/intake.test.ts"},{"assertionResults":[{"ancestorTitles":[],"fullName":"execution stop keeps its real cause after process rejection","status":"passed","title":"execution stop keeps its real cause after process rejection","duration":6307.811600000001,"failureMessages":[],"meta":{},"tags":[]},{"ancestorTitles":[],"fullName":"execution crash keeps its real cause after process rejection","status":"passed","title":"execution crash keeps its real cause after process rejection","duration":7486.402900000001,"failureMessages":[],"meta":{},"tags":[]},{"ancestorTitles":[],"fullName":"legacy stops never invent a human actor","status":"passed","title":"legacy stops never invent a human actor","duration":2692.4682999999986,"failureMessages":[],"meta":{},"tags":[]},{"ancestorTitles":[],"fullName":"infers pause from legacy agent_stopped event and heals interruption entity","status":"passed","title":"infers pause from legacy agent_stopped event and heals interruption entity","duration":3251.4229000000014,"failureMessages":[],"meta":{},"tags":[]}],"startTime":1789538781685,"endTime":1789538801425.4229,"status":"passed","message":"","name":"C:/Code/system-handle/tests/integration/interruption.test.ts"},{"assertionResults":[{"ancestorTitles":[],"fullName":"manual recovery after account switch clears the quota wait and dispatches immediately","status":"passed","title":"manual recovery after account switch clears the quota wait and dispatches immediately","duration":6499.8631,"failureMessages":[],"meta":{},"tags":[]},{"ancestorTitles":[],"fullName":"uses the provider reset time plus grace and never invents a reset time","status":"passed","title":"uses the provider reset time plus grace and never invents a reset time","duration":1.1945999999988999,"failureMessages":[],"meta":{},"tags":[]},{"ancestorTitles":[],"fullName":"quota wait persists, does not run early, and resumes the same approved workflow when due","status":"passed","title":"quota wait persists, does not run early, and resumes the same approved workflow when due","duration":4745.555900000001,"failureMessages":[],"meta":{},"tags":[]},{"ancestorTitles":[],"fullName":"a user pause cancels deferred execution","status":"passed","title":"a user pause cancels deferred execution","duration":5959.184899999998,"failureMessages":[],"meta":{},"tags":[]}],"startTime":1789538785402,"endTime":1789538802610.1848,"status":"passed","message":"","name":"C:/Code/system-handle/tests/integration/model-retry.test.ts"},{"assertionResults":[{"ancestorTitles":[],"fullName":"原生执行连续实施、测试导入与终局批量核验成功流转至 HUMAN_PENDING","status":"passed","title":"原生执行连续实施、测试导入与终局批量核验成功流转至 HUMAN_PENDING","duration":5773.9537,"failureMessages":[],"meta":{},"tags":[]},{"ancestorTitles":[],"fullName":"终局核验在宿主失败、缺报告或未完成项时拒绝并一次性返回全部问题","status":"passed","title":"终局核验在宿主失败、缺报告或未完成项时拒绝并一次性返回全部问题","duration":2175.6017,"failureMessages":[],"meta":{},"tags":[]}],"startTime":1789538865738,"endTime":1789538873687.6018,"status":"passed","message":"","name":"C:/Code/system-handle/tests/integration/native-delivery.test.ts"},{"assertionResults":[{"ancestorTitles":["DevFlow 原生执行改造第二轮复核缺陷回归套件 (S01~S14)"],"fullName":"DevFlow 原生执行改造第二轮复核缺陷回归套件 (S01~S14) S01: 异步运行命令与严格全字匹配","status":"passed","title":"S01: 异步运行命令与严格全字匹配","duration":1846.4335,"failureMessages":[],"meta":{},"tags":[]},{"ancestorTitles":["DevFlow 原生执行改造第二轮复核缺陷回归套件 (S01~S14)"],"fullName":"DevFlow 原生执行改造第二轮复核缺陷回归套件 (S01~S14) S02: 篡改源码并恢复原修改时间，交付时仍必须识别并拒绝","status":"passed","title":"S02: 篡改源码并恢复原修改时间，交付时仍必须识别并拒绝","duration":2366.0778,"failureMessages":[],"meta":{},"tags":[]},{"ancestorTitles":["DevFlow 原生执行改造第二轮复核缺陷回归套件 (S01~S14)"],"fullName":"DevFlow 原生执行改造第二轮复核缺陷回归套件 (S01~S14) S03: 修改scope内其他非实现文件，必须触发重测拒绝","status":"passed","title":"S03: 修改scope内其他非实现文件，必须触发重测拒绝","duration":2039.7465999999995,"failureMessages":[],"meta":{},"tags":[]},{"ancestorTitles":["DevFlow 原生执行改造第二轮复核缺陷回归套件 (S01~S14)"],"fullName":"DevFlow 原生执行改造第二轮复核缺陷回归套件 (S01~S14) S04: 交付清单包含篡改的身份信息时，必须严格拦截","status":"passed","title":"S04: 交付清单包含篡改的身份信息时，必须严格拦截","duration":2345.1540999999997,"failureMessages":[],"meta":{},"tags":[]},{"ancestorTitles":["DevFlow 原生执行改造第二轮复核缺陷回归套件 (S01~S14)"],"fullName":"DevFlow 原生执行改造第二轮复核缺陷回归套件 (S01~S14) S05: Git 操作异常严格阻断并记录 GIT_OPERATION_FAILED","status":"passed","title":"S05: Git 操作异常严格阻断并记录 GIT_OPERATION_FAILED","duration":2099.2667,"failureMessages":[],"meta":{},"tags":[]},{"ancestorTitles":["DevFlow 原生执行改造第二轮复核缺陷回归套件 (S01~S14)"],"fullName":"DevFlow 原生执行改造第二轮复核缺陷回归套件 (S01~S14) S06: 执行中禁止人工验收，必须等待执行进程完全退出","status":"passed","title":"S06: 执行中禁止人工验收，必须等待执行进程完全退出","duration":8538.506099999999,"failureMessages":[],"meta":{},"tags":[]},{"ancestorTitles":["DevFlow 原生执行改造第二轮复核缺陷回归套件 (S01~S14)"],"fullName":"DevFlow 原生执行改造第二轮复核缺陷回归套件 (S01~S14) S07: 归档报告被篡改时，verifyEvidence 报 EVIDENCE_TAMPERED 阻断验收","status":"passed","title":"S07: 归档报告被篡改时，verifyEvidence 报 EVIDENCE_TAMPERED 阻断验收","duration":3729.2809000000016,"failureMessages":[],"meta":{},"tags":[]},{"ancestorTitles":["DevFlow 原生执行改造第二轮复核缺陷回归套件 (S01~S14)"],"fullName":"DevFlow 原生执行改造第二轮复核缺陷回归套件 (S01~S14) S08: 原生交付核验通过后，复核能顺利通过且识别 native acceptance_result","status":"passed","title":"S08: 原生交付核验通过后，复核能顺利通过且识别 native acceptance_result","duration":13060.359099999998,"failureMessages":[],"meta":{},"tags":[]},{"ancestorTitles":["DevFlow 原生执行改造第二轮复核缺陷回归套件 (S01~S14)"],"fullName":"DevFlow 原生执行改造第二轮复核缺陷回归套件 (S01~S14) S09: 验收映射引用的报告不属于对应测试执行时必须拒绝","status":"passed","title":"S09: 验收映射引用的报告不属于对应测试执行时必须拒绝","duration":2241.341699999997,"failureMessages":[],"meta":{},"tags":[]},{"ancestorTitles":["DevFlow 原生执行改造第二轮复核缺陷回归套件 (S01~S14)"],"fullName":"DevFlow 原生执行改造第二轮复核缺陷回归套件 (S01~S14) S10: 多仓模式下第二个仓库未批准修改及报告缺失被检出并拒绝","status":"passed","title":"S10: 多仓模式下第二个仓库未批准修改及报告缺失被检出并拒绝","duration":4773.383600000001,"failureMessages":[],"meta":{},"tags":[]},{"ancestorTitles":["DevFlow 原生执行改造第二轮复核缺陷回归套件 (S01~S14)"],"fullName":"DevFlow 原生执行改造第二轮复核缺陷回归套件 (S01~S14) S11: BufferedEventSink 在途并发写严格限制为 1，且支持安全背压排队","status":"passed","title":"S11: BufferedEventSink 在途并发写严格限制为 1，且支持安全背压排队","duration":1950.7674000000043,"failureMessages":[],"meta":{},"tags":[]},{"ancestorTitles":["DevFlow 原生执行改造第二轮复核缺陷回归套件 (S01~S14)"],"fullName":"DevFlow 原生执行改造第二轮复核缺陷回归套件 (S01~S14) S12: 相同 submission_id 且内容一致的重复提交实现幂等复用，冲突时拒绝","status":"passed","title":"S12: 相同 submission_id 且内容一致的重复提交实现幂等复用，冲突时拒绝","duration":2285.599599999994,"failureMessages":[],"meta":{},"tags":[]},{"ancestorTitles":["DevFlow 原生执行改造第二轮复核缺陷回归套件 (S01~S14)"],"fullName":"DevFlow 原生执行改造第二轮复核缺陷回归套件 (S01~S14) S13: invalidate 作废交付版本，任务状态退回 pending，verifyEvidence 报错","status":"passed","title":"S13: invalidate 作废交付版本，任务状态退回 pending，verifyEvidence 报错","duration":6223.4475999999995,"failureMessages":[],"meta":{},"tags":[]},{"ancestorTitles":["DevFlow 原生执行改造第二轮复核缺陷回归套件 (S01~S14)"],"fullName":"DevFlow 原生执行改造第二轮复核缺陷回归套件 (S01~S14) S14: 宿主输出虽含业务 code: 0 但命令未结束，事实保持未完成","status":"passed","title":"S14: 宿主输出虽含业务 code: 0 但命令未结束，事实保持未完成","duration":2409.2554999999993,"failureMessages":[],"meta":{},"tags":[]}],"startTime":1789538358695,"endTime":1789538414608.2556,"status":"passed","message":"","name":"C:/Code/system-handle/tests/integration/native-rereview-regression.test.ts"},{"assertionResults":[{"ancestorTitles":["DevFlow 原生执行改造审核缺陷回归套件 (R1~R10)"],"fullName":"DevFlow 原生执行改造审核缺陷回归套件 (R1~R10) R1: 真实 AGY step_update 协议能正确提取执行事实","status":"passed","title":"R1: 真实 AGY step_update 协议能正确提取执行事实","duration":2709.0467000000003,"failureMessages":[],"meta":{},"tags":[]},{"ancestorTitles":["DevFlow 原生执行改造审核缺陷回归套件 (R1~R10)"],"fullName":"DevFlow 原生执行改造审核缺陷回归套件 (R1~R10) R2: 缺失退出码或进程仍在运行，不能被当作成功","status":"passed","title":"R2: 缺失退出码或进程仍在运行，不能被当作成功","duration":2752.055300000001,"failureMessages":[],"meta":{},"tags":[]},{"ancestorTitles":["DevFlow 原生执行改造审核缺陷回归套件 (R1~R10)"],"fullName":"DevFlow 原生执行改造审核缺陷回归套件 (R1~R10) R3: 命令或目录不符时拒绝通过","status":"passed","title":"R3: 命令或目录不符时拒绝通过","duration":3776.3282,"failureMessages":[],"meta":{},"tags":[]},{"ancestorTitles":["DevFlow 原生执行改造审核缺陷回归套件 (R1~R10)"],"fullName":"DevFlow 原生执行改造审核缺陷回归套件 (R1~R10) R4: 终局核验通过打通生命周期，可顺利进入人工验收","status":"passed","title":"R4: 终局核验通过打通生命周期，可顺利进入人工验收","duration":30005.8649,"failureMessages":[],"meta":{},"tags":[]},{"ancestorTitles":["DevFlow 原生执行改造审核缺陷回归套件 (R1~R10)"],"fullName":"DevFlow 原生执行改造审核缺陷回归套件 (R1~R10) R5: 测试生成后修改源码代码，交付时必须拒绝并标记指纹失效","status":"passed","title":"R5: 测试生成后修改源码代码，交付时必须拒绝并标记指纹失效","duration":11701.677300000003,"failureMessages":[],"meta":{},"tags":[]},{"ancestorTitles":["DevFlow 原生执行改造审核缺陷回归套件 (R1~R10)"],"fullName":"DevFlow 原生执行改造审核缺陷回归套件 (R1~R10) R6: 空实现、错验收项、不存在执行与未解决冲突必须全数拦截","status":"passed","title":"R6: 空实现、错验收项、不存在执行与未解决冲突必须全数拦截","duration":3851.004000000001,"failureMessages":[],"meta":{},"tags":[]},{"ancestorTitles":["DevFlow 原生执行改造审核缺陷回归套件 (R1~R10)"],"fullName":"DevFlow 原生执行改造审核缺陷回归套件 (R1~R10) R7: 合法 Playwright JSON 报告任意文件名都能正确解析","status":"passed","title":"R7: 合法 Playwright JSON 报告任意文件名都能正确解析","duration":8779.302299999996,"failureMessages":[],"meta":{},"tags":[]},{"ancestorTitles":["DevFlow 原生执行改造审核缺陷回归套件 (R1~R10)"],"fullName":"DevFlow 原生执行改造审核缺陷回归套件 (R1~R10) R8: 隐藏配置与测试配置文件修改必须被纳入指纹计算","status":"passed","title":"R8: 隐藏配置与测试配置文件修改必须被纳入指纹计算","duration":5200.075500000006,"failureMessages":[],"meta":{},"tags":[]},{"ancestorTitles":["DevFlow 原生执行改造审核缺陷回归套件 (R1~R10)"],"fullName":"DevFlow 原生执行改造审核缺陷回归套件 (R1~R10) R9: 超出批准范围的新增文件必须被拒绝","status":"passed","title":"R9: 超出批准范围的新增文件必须被拒绝","duration":4108.093399999998,"failureMessages":[],"meta":{},"tags":[]},{"ancestorTitles":["DevFlow 原生执行改造审核缺陷回归套件 (R1~R10)"],"fullName":"DevFlow 原生执行改造审核缺陷回归套件 (R1~R10) R10: 计划修订递增时恢复交接包包含 HANDOFF.md 并包含 workspaces 真实列表","status":"passed","title":"R10: 计划修订递增时恢复交接包包含 HANDOFF.md 并包含 workspaces 真实列表","duration":3624.9379999999946,"failureMessages":[],"meta":{},"tags":[]}],"startTime":1789538530934,"endTime":1789538607445.938,"status":"passed","message":"","name":"C:/Code/system-handle/tests/integration/native-review-regression.test.ts"},{"assertionResults":[{"ancestorTitles":["第三轮复核反例自动化回归套件 (R01 ~ R12)"],"fullName":"第三轮复核反例自动化回归套件 (R01 ~ R12) R01: 缓冲器等待所有真实异步写入完成，并发上限严格为 1","status":"passed","title":"R01: 缓冲器等待所有真实异步写入完成，并发上限严格为 1","duration":193.46000000000004,"failureMessages":[],"meta":{},"tags":[]},{"ancestorTitles":["第三轮复核反例自动化回归套件 (R01 ~ R12)"],"fullName":"第三轮复核反例自动化回归套件 (R01 ~ R12) R02: 缓冲器不干预调用方的外部队列或私自执行回调","status":"passed","title":"R02: 缓冲器不干预调用方的外部队列或私自执行回调","duration":62.25189999999998,"failureMessages":[],"meta":{},"tags":[]},{"ancestorTitles":["第三轮复核反例自动化回归套件 (R01 ~ R12)"],"fullName":"第三轮复核反例自动化回归套件 (R01 ~ R12) R03: 测试报告不变，修改代码后重新复制旧报告，交付被拒绝 (旧测试不能证明新代码)","status":"passed","title":"R03: 测试报告不变，修改代码后重新复制旧报告，交付被拒绝 (旧测试不能证明新代码)","duration":2108.9633,"failureMessages":[],"meta":{},"tags":[]},{"ancestorTitles":["第三轮复核反例自动化回归套件 (R01 ~ R12)"],"fullName":"第三轮复核反例自动化回归套件 (R01 ~ R12) R04: 多仓同名报告第二仓缺失时，必须报 REPORT_MISSING 且第二仓验收项不通过","status":"passed","title":"R04: 多仓同名报告第二仓缺失时，必须报 REPORT_MISSING 且第二仓验收项不通过","duration":3990.7523,"failureMessages":[],"meta":{},"tags":[]},{"ancestorTitles":["第三轮复核反例自动化回归套件 (R01 ~ R12)"],"fullName":"第三轮复核反例自动化回归套件 (R01 ~ R12) R05: 多仓同名报告第二仓包含失败用例，交付必须拒绝阻断","status":"passed","title":"R05: 多仓同名报告第二仓包含失败用例，交付必须拒绝阻断","duration":5473.721600000001,"failureMessages":[],"meta":{},"tags":[]},{"ancestorTitles":["第三轮复核反例自动化回归套件 (R01 ~ R12)"],"fullName":"第三轮复核反例自动化回归套件 (R01 ~ R12) R06: 必需 build 命令从未执行时，提交门禁抛出 HOOK_EVIDENCE_MISSING 阻断提交","status":"passed","title":"R06: 必需 build 命令从未执行时，提交门禁抛出 HOOK_EVIDENCE_MISSING 阻断提交","duration":9491.453300000001,"failureMessages":[],"meta":{},"tags":[]},{"ancestorTitles":["第三轮复核反例自动化回归套件 (R01 ~ R12)"],"fullName":"第三轮复核反例自动化回归套件 (R01 ~ R12) R07: 额外必需检查从未执行时，提交门禁抛出 HOOK_EVIDENCE_MISSING 阻断提交","status":"passed","title":"R07: 额外必需检查从未执行时，提交门禁抛出 HOOK_EVIDENCE_MISSING 阻断提交","duration":17745.6172,"failureMessages":[],"meta":{},"tags":[]},{"ancestorTitles":["第三轮复核反例自动化回归套件 (R01 ~ R12)"],"fullName":"第三轮复核反例自动化回归套件 (R01 ~ R12) R08: 实际分支与预期不一致导致快照失败时，拒绝交付且不标记任务 verified","status":"passed","title":"R08: 实际分支与预期不一致导致快照失败时，拒绝交付且不标记任务 verified","duration":3138.9680000000008,"failureMessages":[],"meta":{},"tags":[]},{"ancestorTitles":["第三轮复核反例自动化回归套件 (R01 ~ R12)"],"fullName":"第三轮复核反例自动化回归套件 (R01 ~ R12) R09: 执行器状态为 failed 时，拒绝交付且拒绝人工验收","status":"passed","title":"R09: 执行器状态为 failed 时，拒绝交付且拒绝人工验收","duration":3120.8004999999976,"failureMessages":[],"meta":{},"tags":[]},{"ancestorTitles":["第三轮复核反例自动化回归套件 (R01 ~ R12)"],"fullName":"第三轮复核反例自动化回归套件 (R01 ~ R12) R10: 清单声明的 conversation_id 与宿主事实不一致时，严格拒绝交付","status":"passed","title":"R10: 清单声明的 conversation_id 与宿主事实不一致时，严格拒绝交付","duration":3981.5814000000028,"failureMessages":[],"meta":{},"tags":[]},{"ancestorTitles":["第三轮复核反例自动化回归套件 (R01 ~ R12)"],"fullName":"第三轮复核反例自动化回归套件 (R01 ~ R12) R11: 成功交付后，相同 submission_id 原样重试实现幂等返回原 accepted 结果","status":"passed","title":"R11: 成功交付后，相同 submission_id 原样重试实现幂等返回原 accepted 结果","duration":6931.465400000001,"failureMessages":[],"meta":{},"tags":[]},{"ancestorTitles":["第三轮复核反例自动化回归套件 (R01 ~ R12)"],"fullName":"第三轮复核反例自动化回归套件 (R01 ~ R12) R12: 交付失效且代码改动后，重发旧清单不返回可用的旧 accepted","status":"passed","title":"R12: 交付失效且代码改动后，重发旧清单不返回可用的旧 accepted","duration":9927.515399999997,"failureMessages":[],"meta":{},"tags":[]},{"ancestorTitles":[],"fullName":"R13: snapshot failure remains rejected on the same submission retry","status":"passed","title":"R13: snapshot failure remains rejected on the same submission retry","duration":3409.3933000000106,"failureMessages":[],"meta":{},"tags":[]},{"ancestorTitles":[],"fullName":"R14: a stopped run cannot submit or mark progress complete","status":"passed","title":"R14: a stopped run cannot submit or mark progress complete","duration":6561.053,"failureMessages":[],"meta":{},"tags":[]},{"ancestorTitles":[],"fullName":"R15: malformed delivery input is rejected before import side effects","status":"passed","title":"R15: malformed delivery input is rejected before import side effects","duration":8789.806899999996,"failureMessages":[],"meta":{},"tags":[]},{"ancestorTitles":[],"fullName":"R16: changes after delivery prevent finalization and task completion","status":"passed","title":"R16: changes after delivery prevent finalization and task completion","duration":19180.905100000004,"failureMessages":[],"meta":{},"tags":[]},{"ancestorTitles":[],"fullName":"R17: a host call alias resolves to the same execution receipt","status":"passed","title":"R17: a host call alias resolves to the same execution receipt","duration":8108.010000000009,"failureMessages":[],"meta":{},"tags":[]}],"startTime":1789538480337,"endTime":1789538592563.01,"status":"passed","message":"","name":"C:/Code/system-handle/tests/integration/native-round3-regression.test.ts"},{"assertionResults":[{"ancestorTitles":[],"fullName":"R1 'missing report' records the actual error and reopens repair without invented passing cases","status":"passed","title":"R1 'missing report' records the actual error and reopens repair without invented passing cases","duration":888.3598,"failureMessages":[],"meta":{},"tags":[]},{"ancestorTitles":[],"fullName":"R1 'malformed report' records the actual error and reopens repair without invented passing cases","status":"passed","title":"R1 'malformed report' records the actual error and reopens repair without invented passing cases","duration":796.7409000000002,"failureMessages":[],"meta":{},"tags":[]},{"ancestorTitles":[],"fullName":"R1 browser assertion exceptions record failure instead of trapping the worker in VERIFYING","status":"passed","title":"R1 browser assertion exceptions record failure instead of trapping the worker in VERIFYING","duration":122.40840000000026,"failureMessages":[],"meta":{},"tags":[]},{"ancestorTitles":[],"fullName":"R1 waiting for a browser lease is a retryable precondition and creates no failed evidence","status":"passed","title":"R1 waiting for a browser lease is a retryable precondition and creates no failed evidence","duration":106.2539999999999,"failureMessages":[],"meta":{},"tags":[]},{"ancestorTitles":[],"fullName":"R2 stopping during verification preparation cannot launch a late agent","status":"passed","title":"R2 stopping during verification preparation cannot launch a late agent","duration":112.27120000000014,"failureMessages":[],"meta":{},"tags":[]},{"ancestorTitles":[],"fullName":"R2 stopping during review preparation cannot launch a late agent","status":"passed","title":"R2 stopping during review preparation cannot launch a late agent","duration":131.6911,"failureMessages":[],"meta":{},"tags":[]},{"ancestorTitles":[],"fullName":"R2 stopping while checking the snapshot cannot launch a late test or reopen a stopped workflow","status":"passed","title":"R2 stopping while checking the snapshot cannot launch a late test or reopen a stopped workflow","duration":91.8064000000004,"failureMessages":[],"meta":{},"tags":[]},{"ancestorTitles":[],"fullName":"R2 an old queued preparation success cannot activate or block a recovered queue entry","status":"passed","title":"R2 an old queued preparation success cannot activate or block a recovered queue entry","duration":153.3746000000001,"failureMessages":[],"meta":{},"tags":[]},{"ancestorTitles":[],"fullName":"R2 an old queued preparation failure cannot activate or block a recovered queue entry","status":"passed","title":"R2 an old queued preparation failure cannot activate or block a recovered queue entry","duration":131.3054000000002,"failureMessages":[],"meta":{},"tags":[]},{"ancestorTitles":[],"fullName":"R3 changed project configuration is rejected at feedback, recovery and dispatch before workspace or model execution","status":"passed","title":"R3 changed project configuration is rejected at feedback, recovery and dispatch before workspace or model execution","duration":111.48139999999967,"failureMessages":[],"meta":{},"tags":[]},{"ancestorTitles":[],"fullName":"R3 project registration rechecks active workflows after repository inspection","status":"passed","title":"R3 project registration rechecks active workflows after repository inspection","duration":84.73469999999998,"failureMessages":[],"meta":{},"tags":[]},{"ancestorTitles":[],"fullName":"R4 different tests of one workflow cannot concurrently consume a shared report path","status":"passed","title":"R4 different tests of one workflow cannot concurrently consume a shared report path","duration":90.39760000000024,"failureMessages":[],"meta":{},"tags":[]},{"ancestorTitles":[],"fullName":"R4 a late result cannot be attached after invalidation and refreezing identical source","status":"passed","title":"R4 a late result cannot be attached after invalidation and refreezing identical source","duration":1107.3098,"failureMessages":[],"meta":{},"tags":[]}],"startTime":1789538875294,"endTime":1789538879223.3098,"status":"passed","message":"","name":"C:/Code/system-handle/tests/integration/precommit-runtime.test.ts"},{"assertionResults":[{"ancestorTitles":[],"fullName":"compiler exit stops health polling immediately, starts once, releases leases and preserves its diagnostic","status":"passed","title":"compiler exit stops health polling immediately, starts once, releases leases and preserves its diagnostic","duration":6615.7921,"failureMessages":[],"meta":{},"tags":[]},{"ancestorTitles":[],"fullName":"only a confirmed port collision retries, using a different port","status":"passed","title":"only a confirmed port collision retries, using a different port","duration":5052.813300000002,"failureMessages":[],"meta":{},"tags":[]},{"ancestorTitles":[],"fullName":"failed build preserves the worker for repair and a corrected build can enter verification","status":"passed","title":"failed build preserves the worker for repair and a corrected build can enter verification","duration":8466.398500000001,"failureMessages":[],"meta":{},"tags":[]},{"ancestorTitles":[],"fullName":"manual stop while preparing stays stopped and is not relabeled as a build failure","status":"passed","title":"manual stop while preparing stays stopped and is not relabeled as a build failure","duration":4740.119300000002,"failureMessages":[],"meta":{},"tags":[]}],"startTime":1789538754736,"endTime":1789538779618.1194,"status":"passed","message":"","name":"C:/Code/system-handle/tests/integration/preparation-failure.test.ts"},{"assertionResults":[{"ancestorTitles":[],"fullName":"managed PowerShell executes a batch program with Windows runtime variables while secrets stay excluded","status":"passed","title":"managed PowerShell executes a batch program with Windows runtime variables while secrets stay excluded","duration":2158.8132,"failureMessages":[],"meta":{},"tags":[]},{"ancestorTitles":[],"fullName":"IT-08 Windows Host captures Unicode output and terminates job descendants on stop","status":"passed","title":"IT-08 Windows Host captures Unicode output and terminates job descendants on stop","duration":756.6539999999995,"failureMessages":[],"meta":{},"tags":[]},{"ancestorTitles":[],"fullName":"IT-15 one controller owns each state directory and releases ownership on exit","status":"passed","title":"IT-15 one controller owns each state directory and releases ownership on exit","duration":2582.9379,"failureMessages":[],"meta":{},"tags":[]},{"ancestorTitles":[],"fullName":"IT-09 Host preserves large Chinese JSON stdin and escaped Windows paths byte-for-byte","status":"passed","title":"IT-09 Host preserves large Chinese JSON stdin and escaped Windows paths byte-for-byte","duration":6037.5142000000005,"failureMessages":[],"meta":{},"tags":[]}],"startTime":1789538840874,"endTime":1789538852411.5142,"status":"passed","message":"","name":"C:/Code/system-handle/tests/integration/process.test.ts"},{"assertionResults":[{"ancestorTitles":[],"fullName":"a shared test failure preserves unchanged implementation and displays passed development cases","status":"passed","title":"a shared test failure preserves unchanged implementation and displays passed development cases","duration":28332.6225,"failureMessages":[],"meta":{},"tags":[]},{"ancestorTitles":[],"fullName":"legacy invalidations reconcile only exact unchanged source and do not manufacture verification","status":"passed","title":"legacy invalidations reconcile only exact unchanged source and do not manufacture verification","duration":10946.4728,"failureMessages":[],"meta":{},"tags":[]},{"ancestorTitles":[],"fullName":"repeated unchanged declarations do not emit additional completion events","status":"passed","title":"repeated unchanged declarations do not emit additional completion events","duration":7007.167800000003,"failureMessages":[],"meta":{},"tags":[]},{"ancestorTitles":[],"fullName":"constant-only placeholder tests cannot be declared or executed as business evidence","status":"passed","title":"constant-only placeholder tests cannot be declared or executed as business evidence","duration":7734.551399999997,"failureMessages":[],"meta":{},"tags":[]}],"startTime":1789538654392,"endTime":1789538708414.5515,"status":"passed","message":"","name":"C:/Code/system-handle/tests/integration/progress-recovery.test.ts"},{"assertionResults":[{"ancestorTitles":[],"fullName":"keeps downstream submissions and timestamps across prerequisite repair without repeating claims or restoring test evidence","status":"passed","title":"keeps downstream submissions and timestamps across prerequisite repair without repeating claims or restoring test evidence","duration":5682.4513,"failureMessages":[],"meta":{},"tags":[]},{"ancestorTitles":[],"fullName":"tracks a leaf task, refuses premature completion, invalidates changed implementation and lists per-file diffs from task branch baseline","status":"passed","title":"tracks a leaf task, refuses premature completion, invalidates changed implementation and lists per-file diffs from task branch baseline","duration":10909.96,"failureMessages":[],"meta":{},"tags":[]},{"ancestorTitles":[],"fullName":"counts current planned cases once; latest failure, skipped and stale results never inflate passes","status":"passed","title":"counts current planned cases once; latest failure, skipped and stale results never inflate passes","duration":4799.2415,"failureMessages":[],"meta":{},"tags":[]}],"startTime":1789538760587,"endTime":1789538781980.2415,"status":"passed","message":"","name":"C:/Code/system-handle/tests/integration/progress.test.ts"},{"assertionResults":[{"ancestorTitles":[],"fullName":"IT-14 exact multi-repository commit resumes after second branch update fails","status":"passed","title":"IT-14 exact multi-repository commit resumes after second branch update fails","duration":47373.8467,"failureMessages":[],"meta":{},"tags":[]},{"ancestorTitles":[],"fullName":"IT-15 named job reconciliation distinguishes active process trees from terminated ones","status":"passed","title":"IT-15 named job reconciliation distinguishes active process trees from terminated ones","duration":2639.541600000004,"failureMessages":[],"meta":{},"tags":[]}],"startTime":1789538478919,"endTime":1789538528933.5415,"status":"passed","message":"","name":"C:/Code/system-handle/tests/integration/recovery.test.ts"},{"assertionResults":[{"ancestorTitles":[],"fullName":"IT-12 repair plan requires new approval and cannot reuse evidence even when source snapshot is identical","status":"passed","title":"IT-12 repair plan requires new approval and cannot reuse evidence even when source snapshot is identical","duration":45128.049399999996,"failureMessages":[],"meta":{},"tags":[]},{"ancestorTitles":[],"fullName":"IT-04 approved filename cannot write through a hardlink into another directory","status":"passed","title":"IT-04 approved filename cannot write through a hardlink into another directory","duration":9387.159199999995,"failureMessages":[],"meta":{},"tags":[]}],"startTime":1789538595417,"endTime":1789538649933.1592,"status":"passed","message":"","name":"C:/Code/system-handle/tests/integration/repair-review.test.ts"},{"assertionResults":[{"ancestorTitles":[],"fullName":"renamed legacy reports are cleaned only from the dedicated directory with exact archive proof","status":"passed","title":"renamed legacy reports are cleaned only from the dedicated directory with exact archive proof","duration":8647.1171,"failureMessages":[],"meta":{},"tags":[]},{"ancestorTitles":[],"fullName":"a real development test archives an unignored report without changing the code snapshot","status":"failed","title":"a real development test archives an unignored report without changing the code snapshot","duration":30126.413099999998,"failureMessages":["Error: STACK_TRACE_ERROR\n    at task (file:///C:/Code/system-handle/node_modules/.pnpm/@vitest+runner@4.1.11/node_modules/@vitest/runner/dist/chunk-artifact.js:1784:27)\n    at Object.<anonymous> (file:///C:/Code/system-handle/node_modules/.pnpm/@vitest+runner@4.1.11/node_modules/@vitest/runner/dist/chunk-artifact.js:1817:16)\n    at Object.<anonymous> (file:///C:/Code/system-handle/node_modules/.pnpm/@vitest+runner@4.1.11/node_modules/@vitest/runner/dist/chunk-artifact.js:1563:28)\n    at chain (file:///C:/Code/system-handle/node_modules/.pnpm/@vitest+runner@4.1.11/node_modules/@vitest/runner/dist/chunk-artifact.js:599:14)\n    at C:/Code/system-handle/tests/integration/report-output.test.ts:44:1\n    at processTicksAndRejections (node:internal/process/task_queues:103:5)\n    at VitestModuleEvaluator._runInlinedModule (file:///C:/Code/system-handle/node_modules/.pnpm/vitest@4.1.11_@types+node@2_74e0bbb212654a1af01aa0bbb7a56a3d/node_modules/vitest/dist/module-evaluator.js:206:4)\n    at VitestModuleRunner.directRequest (file:///C:/Code/system-handle/node_modules/.pnpm/vite@7.3.6_@types+node@22.20.2_tsx@4.23.13_yaml@2.9.0/node_modules/vite/dist/node/module-runner.js:1146:59)\n    at VitestModuleRunner.cachedRequest (file:///C:/Code/system-handle/node_modules/.pnpm/vite@7.3.6_@types+node@22.20.2_tsx@4.23.13_yaml@2.9.0/node_modules/vite/dist/node/module-runner.js:1053:73)\n    at VitestModuleRunner.import (file:///C:/Code/system-handle/node_modules/.pnpm/vite@7.3.6_@types+node@22.20.2_tsx@4.23.13_yaml@2.9.0/node_modules/vite/dist/node/module-runner.js:1014:10)"],"meta":{},"tags":[]},{"ancestorTitles":[],"fullName":"pre-existing report files are restored and legacy cleanup requires a matching archive","status":"passed","title":"pre-existing report files are restored and legacy cleanup requires a matching archive","duration":12629.027299999994,"failureMessages":[],"meta":{},"tags":[]}],"startTime":1789538673397,"endTime":1789538724800.0273,"status":"failed","message":"","name":"C:/Code/system-handle/tests/integration/report-output.test.ts"},{"assertionResults":[{"ancestorTitles":[],"fullName":"UT-16/17 independent commit gates reject missing approval, stale acceptance, evidence, coverage and changed project configuration","status":"passed","title":"UT-16/17 independent commit gates reject missing approval, stale acceptance, evidence, coverage and changed project configuration","duration":41198.3533,"failureMessages":[],"meta":{},"tags":[]}],"startTime":1789538436409,"endTime":1789538477607.3533,"status":"passed","message":"","name":"C:/Code/system-handle/tests/integration/review-gates.test.ts"},{"assertionResults":[{"ancestorTitles":[],"fullName":"IT-12 reviewer MCP exposes only read tools and rejects foreign or changed snapshot files","status":"passed","title":"IT-12 reviewer MCP exposes only read tools and rejects foreign or changed snapshot files","duration":12459.5556,"failureMessages":[],"meta":{},"tags":[]}],"startTime":1789538838172,"endTime":1789538850631.5557,"status":"passed","message":"","name":"C:/Code/system-handle/tests/integration/review-reader.test.ts"},{"assertionResults":[{"ancestorTitles":[],"fullName":"DF-STAGE-I01 policy rejects at shared deadline before token expiry","status":"passed","title":"DF-STAGE-I01 policy rejects at shared deadline before token expiry","duration":5328.0195,"failureMessages":[],"meta":{},"tags":[]},{"ancestorTitles":[],"fullName":"DF-STAGE-I02 process timeout and manual stop remain distinct","status":"passed","title":"DF-STAGE-I02 process timeout and manual stop remain distinct","duration":294.8194000000003,"failureMessages":[],"meta":{},"tags":[]},{"ancestorTitles":[],"fullName":"DF-STAGE-I03 resumed run rejects old worker","status":"passed","title":"DF-STAGE-I03 resumed run rejects old worker","duration":5080.9075,"failureMessages":[],"meta":{},"tags":[]}],"startTime":1789538828184,"endTime":1789538838888.9075,"status":"passed","message":"","name":"C:/Code/system-handle/tests/integration/run-deadline.test.ts"},{"assertionResults":[{"ancestorTitles":[],"fullName":"DF-STAGE-I04 hook preserves policy failure categories","status":"passed","title":"DF-STAGE-I04 hook preserves policy failure categories","duration":10218.5185,"failureMessages":[],"meta":{},"tags":[]},{"ancestorTitles":[],"fullName":"DF-STAGE-I05 hook rejects malformed or mismatched allow response","status":"passed","title":"DF-STAGE-I05 hook rejects malformed or mismatched allow response","duration":5693.6867,"failureMessages":[],"meta":{},"tags":[]}],"startTime":1789538803924,"endTime":1789538819836.6868,"status":"passed","message":"","name":"C:/Code/system-handle/tests/integration/run-failure.test.ts"},{"assertionResults":[{"ancestorTitles":[],"fullName":"local console opens without pairing, cookies or login, including old credentials","status":"passed","title":"local console opens without pairing, cookies or login, including old credentials","duration":584.6934000000001,"failureMessages":[],"meta":{},"tags":[]},{"ancestorTitles":[],"fullName":"button approval binds the viewed version, rejects foreign pages and repeated submissions","status":"passed","title":"button approval binds the viewed version, rejects foreign pages and repeated submissions","duration":209.07050000000027,"failureMessages":[],"meta":{},"tags":[]},{"ancestorTitles":[],"fullName":"event streams work without login and reject missing or foreign Origin at upgrade","status":"passed","title":"event streams work without login and reject missing or foreign Origin at upgrade","duration":85.0327000000002,"failureMessages":[],"meta":{},"tags":[]}],"startTime":1789538883831,"endTime":1789538884711.0327,"status":"passed","message":"","name":"C:/Code/system-handle/tests/integration/session.test.ts"},{"assertionResults":[{"ancestorTitles":[],"fullName":"native plan submission and both handoffs preserve new and regression E2E cases without browser scenes","status":"passed","title":"native plan submission and both handoffs preserve new and regression E2E cases without browser scenes","duration":211.1300000000001,"failureMessages":[],"meta":{},"tags":[]}],"startTime":1789538889185,"endTime":1789538889396.13,"status":"passed","message":"","name":"C:/Code/system-handle/tests/integration/testing-policy.test.ts"},{"assertionResults":[{"ancestorTitles":[],"fullName":"IT-04 rejects outside scope, stale writes, hardlinks and freezes writes during tests","status":"passed","title":"IT-04 rejects outside scope, stale writes, hardlinks and freezes writes during tests","duration":13117.731899999999,"failureMessages":[],"meta":{},"tags":[]},{"ancestorTitles":[],"fullName":"IT-05 independently prepares two worktrees in one shared repository","status":"passed","title":"IT-05 independently prepares two worktrees in one shared repository","duration":8488.182999999997,"failureMessages":[],"meta":{},"tags":[]},{"ancestorTitles":[],"fullName":"IT-10 snapshot detects source changes and task declarations never substitute for evidence","status":"passed","title":"IT-10 snapshot detects source changes and task declarations never substitute for evidence","duration":11628.467100000002,"failureMessages":[],"meta":{},"tags":[]},{"ancestorTitles":[],"fullName":"IT-13 pass review commits only the accepted exact tree and leaves a clean index","status":"passed","title":"IT-13 pass review commits only the accepted exact tree and leaves a clean index","duration":21810.196000000004,"failureMessages":[],"meta":{},"tags":[]},{"ancestorTitles":[],"fullName":"IT-03 API rejects untrusted Host, foreign Origin, allow local access and reject planner-as-human","status":"passed","title":"IT-03 API rejects untrusted Host, foreign Origin, allow local access and reject planner-as-human","duration":479.0913999999975,"failureMessages":[],"meta":{},"tags":[]},{"ancestorTitles":[],"fullName":"IT-03 MCP exposes planning tools without any human-approval capability","status":"passed","title":"IT-03 MCP exposes planning tools without any human-approval capability","duration":631.8426000000036,"failureMessages":[],"meta":{},"tags":[]},{"ancestorTitles":[],"fullName":"IT-09 large Chinese plan and tool contracts traverse bounded MCP pages without temp-file fallback","status":"passed","title":"IT-09 large Chinese plan and tool contracts traverse bounded MCP pages without temp-file fallback","duration":4520.559700000005,"failureMessages":[],"meta":{},"tags":[]}],"startTime":1789538418145,"endTime":1789538478824.5598,"status":"passed","message":"","name":"C:/Code/system-handle/tests/integration/workflow.test.ts"},{"assertionResults":[{"ancestorTitles":["配置与计划合同"],"fullName":"配置与计划合同 UT-01 rejects unknown keys and invalid model substitutions","status":"passed","title":"UT-01 rejects unknown keys and invalid model substitutions","duration":23.678100000000086,"failureMessages":[],"meta":{},"tags":[]},{"ancestorTitles":["配置与计划合同"],"fullName":"配置与计划合同 UT-02 canonical hash is independent of object key order","status":"passed","title":"UT-02 canonical hash is independent of object key order","duration":42.61799999999994,"failureMessages":[],"meta":{},"tags":[]},{"ancestorTitles":["配置与计划合同"],"fullName":"配置与计划合同 UT-06 validates DAG, test links, layers and diagrams","status":"passed","title":"UT-06 validates DAG, test links, layers and diagrams","duration":35.447999999999865,"failureMessages":[],"meta":{},"tags":[]},{"ancestorTitles":["配置与计划合同"],"fullName":"配置与计划合同 UT-06 rejects absent diagrams and unresolved decisions","status":"passed","title":"UT-06 rejects absent diagrams and unresolved decisions","duration":5.486099999999851,"failureMessages":[],"meta":{},"tags":[]},{"ancestorTitles":["配置与计划合同"],"fullName":"配置与计划合同 UT-07 blocks traversal and Windows alternate stream paths","status":"passed","title":"UT-07 blocks traversal and Windows alternate stream paths","duration":2.2670000000000528,"failureMessages":[],"meta":{},"tags":[]},{"ancestorTitles":["配置与计划合同"],"fullName":"配置与计划合同 UT-10 parses fragmented multibyte JSONL and final non-newline result","status":"passed","title":"UT-10 parses fragmented multibyte JSONL and final non-newline result","duration":6.960199999999986,"failureMessages":[],"meta":{},"tags":[]},{"ancestorTitles":["配置与计划合同"],"fullName":"配置与计划合同 UT-10 rejects invalid and oversized events","status":"passed","title":"UT-10 rejects invalid and oversized events","duration":2.1984999999999673,"failureMessages":[],"meta":{},"tags":[]},{"ancestorTitles":["配置与计划合同"],"fullName":"配置与计划合同 UT-11 binds model and conversation and requires exit success","status":"passed","title":"UT-11 binds model and conversation and requires exit success","duration":1.6006999999999607,"failureMessages":[],"meta":{},"tags":[]},{"ancestorTitles":["配置与计划合同"],"fullName":"配置与计划合同 UT-13 rejects zero tests, skipped tests and missing expected assertions","status":"passed","title":"UT-13 rejects zero tests, skipped tests and missing expected assertions","duration":2.495300000000043,"failureMessages":[],"meta":{},"tags":[]},{"ancestorTitles":["配置与计划合同"],"fullName":"配置与计划合同 UT-13 parses real report shapes","status":"passed","title":"UT-13 parses real report shapes","duration":12.33400000000006,"failureMessages":[],"meta":{},"tags":[]},{"ancestorTitles":["配置与计划合同"],"fullName":"配置与计划合同 UT-19 redacts secrets from public logs","status":"passed","title":"UT-19 redacts secrets from public logs","duration":1.3272000000001754,"failureMessages":[],"meta":{},"tags":[]},{"ancestorTitles":["配置与计划合同"],"fullName":"配置与计划合同 UT-20 safely resolves executables and rejects missing binaries with structured errors","status":"passed","title":"UT-20 safely resolves executables and rejects missing binaries with structured errors","duration":1599.1369000000002,"failureMessages":[],"meta":{},"tags":[]}],"startTime":1789538875390,"endTime":1789538877127.137,"status":"passed","message":"","name":"C:/Code/system-handle/tests/unit/contracts.test.ts"},{"assertionResults":[{"ancestorTitles":[],"fullName":"resumed scope failure is not replaced by a historical quota footer","status":"passed","title":"resumed scope failure is not replaced by a historical quota footer","duration":21.42990000000009,"failureMessages":[],"meta":{},"tags":[]},{"ancestorTitles":[],"fullName":"a completed new turn can finish transport despite a known historical error; task evidence is still engine-gated","status":"passed","title":"a completed new turn can finish transport despite a known historical error; task evidence is still engine-gated","duration":6.494200000000092,"failureMessages":[],"meta":{},"tags":[]},{"ancestorTitles":[],"fullName":"a fresh provider failure or missing new-turn boundary still blocks on real quota","status":"passed","title":"a fresh provider failure or missing new-turn boundary still blocks on real quota","duration":6.475500000000011,"failureMessages":[],"meta":{},"tags":[]},{"ancestorTitles":[],"fullName":"a fresh provider failure or missing new-turn boundary still blocks on real quota","status":"passed","title":"a fresh provider failure or missing new-turn boundary still blocks on real quota","duration":4.492399999999861,"failureMessages":[],"meta":{},"tags":[]},{"ancestorTitles":[],"fullName":"a fresh provider failure or missing new-turn boundary still blocks on real quota","status":"passed","title":"a fresh provider failure or missing new-turn boundary still blocks on real quota","duration":5.42919999999981,"failureMessages":[],"meta":{},"tags":[]},{"ancestorTitles":[],"fullName":"a fresh provider failure or missing new-turn boundary still blocks on real quota","status":"passed","title":"a fresh provider failure or missing new-turn boundary still blocks on real quota","duration":4.742799999999988,"failureMessages":[],"meta":{},"tags":[]},{"ancestorTitles":[],"fullName":"a completed new turn overrides a changed quota footer even when old result events have fallen outside the history window","status":"passed","title":"a completed new turn overrides a changed quota footer even when old result events have fallen outside the history window","duration":5.022500000000036,"failureMessages":[],"meta":{},"tags":[]},{"ancestorTitles":[],"fullName":"a model response discussing quota does not itself prove a quota failure","status":"passed","title":"a model response discussing quota does not itself prove a quota failure","duration":4.251800000000003,"failureMessages":[],"meta":{},"tags":[]}],"startTime":1789538892437,"endTime":1789538892496.2517,"status":"passed","message":"","name":"C:/Code/system-handle/tests/unit/current-turn.test.ts"},{"assertionResults":[{"ancestorTitles":[],"fullName":"diagnosis wire format closes repository maps and makes optional fields nullable","status":"passed","title":"diagnosis wire format closes repository maps and makes optional fields nullable","duration":51.03430000000003,"failureMessages":[],"meta":{},"tags":[]},{"ancestorTitles":[],"fullName":"nullable wire optionals decode while invalid repair plans still fail validation","status":"passed","title":"nullable wire optionals decode while invalid repair plans still fail validation","duration":31.009599999999864,"failureMessages":[],"meta":{},"tags":[]},{"ancestorTitles":[],"fullName":"user failure summaries do not expose internal commands or stack traces","status":"passed","title":"user failure summaries do not expose internal commands or stack traces","duration":1.7203999999999269,"failureMessages":[],"meta":{},"tags":[]}],"startTime":1789538891155,"endTime":1789538891239.7205,"status":"passed","message":"","name":"C:/Code/system-handle/tests/unit/diagnosis-output.test.ts"},{"assertionResults":[{"ancestorTitles":[],"fullName":"UT-06 parses Chinese labels in an isolated DOM and rejects invalid diagram grammar","status":"passed","title":"UT-06 parses Chinese labels in an isolated DOM and rejects invalid diagram grammar","duration":22396.885499999997,"failureMessages":[],"meta":{},"tags":[]}],"startTime":1789538803256,"endTime":1789538825652.8855,"status":"passed","message":"","name":"C:/Code/system-handle/tests/unit/diagrams.test.ts"},{"assertionResults":[{"ancestorTitles":[],"fullName":"redacts nested tool JSON values without corrupting quotes or the event structure","status":"passed","title":"redacts nested tool JSON values without corrupting quotes or the event structure","duration":19.59030000000007,"failureMessages":[],"meta":{},"tags":[]},{"ancestorTitles":[],"fullName":"search ignores compiled output and binary bytes and rejects direct binary reads","status":"passed","title":"search ignores compiled output and binary bytes and rejects direct binary reads","duration":35.121000000000095,"failureMessages":[],"meta":{},"tags":[]}],"startTime":1789538892743,"endTime":1789538892798.121,"status":"passed","message":"","name":"C:/Code/system-handle/tests/unit/log-safety.test.ts"},{"assertionResults":[{"ancestorTitles":[],"fullName":"UT-19 log projection orders and deduplicates events, joins text chunks and never mixes workflows or runs","status":"passed","title":"UT-19 log projection orders and deduplicates events, joins text chunks and never mixes workflows or runs","duration":10.71040000000005,"failureMessages":[],"meta":{},"tags":[]},{"ancestorTitles":[],"fullName":"summarizes tool calls, hides prompts and marks interrupted operations","status":"passed","title":"summarizes tool calls, hides prompts and marks interrupted operations","duration":5.719100000000026,"failureMessages":[],"meta":{},"tags":[]},{"ancestorTitles":[],"fullName":"groups blank and high-volume service output without crowding meaningful progress","status":"passed","title":"groups blank and high-volume service output without crowding meaningful progress","duration":3.2980999999999767,"failureMessages":[],"meta":{},"tags":[]},{"ancestorTitles":[],"fullName":"DF-STAGE-U08 blocked event explains timeout without inventing history","status":"passed","title":"DF-STAGE-U08 blocked event explains timeout without inventing history","duration":1.592800000000011,"failureMessages":[],"meta":{},"tags":[]}],"startTime":1789538893775,"endTime":1789538893796.5928,"status":"passed","message":"","name":"C:/Code/system-handle/tests/unit/logs.test.ts"},{"assertionResults":[{"ancestorTitles":[],"fullName":"UT-20 backup manifest detects tampering and rejects traversal","status":"passed","title":"UT-20 backup manifest detects tampering and rejects traversal","duration":162.51639999999998,"failureMessages":[],"meta":{},"tags":[]},{"ancestorTitles":[],"fullName":"IT-16 backup restores database and evidence at their original paths","status":"passed","title":"IT-16 backup restores database and evidence at their original paths","duration":195.54579999999987,"failureMessages":[],"meta":{},"tags":[]},{"ancestorTitles":[],"fullName":"UT-20 retention compresses only expired terminal logs and preserves exact bytes","status":"passed","title":"UT-20 retention compresses only expired terminal logs and preserves exact bytes","duration":98.79399999999987,"failureMessages":[],"meta":{},"tags":[]}],"startTime":1789538886817,"endTime":1789538887275.794,"status":"passed","message":"","name":"C:/Code/system-handle/tests/unit/maintenance.test.ts"},{"assertionResults":[{"ancestorTitles":["DevFlow 原生执行与终局核验单元测试","HandoffBuilder"],"fullName":"DevFlow 原生执行与终局核验单元测试 HandoffBuilder 首次交接生成包含完整设计和索引的包","status":"passed","title":"首次交接生成包含完整设计和索引的包","duration":89.43679999999995,"failureMessages":[],"meta":{},"tags":[]},{"ancestorTitles":["DevFlow 原生执行与终局核验单元测试","HandoffBuilder"],"fullName":"DevFlow 原生执行与终局核验单元测试 HandoffBuilder 恢复交接包含增量反馈与终局核验失败 issues","status":"passed","title":"恢复交接包含增量反馈与终局核验失败 issues","duration":33.0626000000002,"failureMessages":[],"meta":{},"tags":[]},{"ancestorTitles":["DevFlow 原生执行与终局核验单元测试","NativeRunRecordReader"],"fullName":"DevFlow 原生执行与终局核验单元测试 NativeRunRecordReader 正确解析宿主日志并验证真实退出码","status":"passed","title":"正确解析宿主日志并验证真实退出码","duration":32.201500000000124,"failureMessages":[],"meta":{},"tags":[]},{"ancestorTitles":["DevFlow 原生执行与终局核验单元测试","NativeRunRecordReader"],"fullName":"DevFlow 原生执行与终局核验单元测试 NativeRunRecordReader 严禁使用模型自报退出码，宿主失败时拒绝通过","status":"passed","title":"严禁使用模型自报退出码，宿主失败时拒绝通过","duration":31.84219999999982,"failureMessages":[],"meta":{},"tags":[]},{"ancestorTitles":["DevFlow 原生执行与终局核验单元测试","NativeRunRecordReader"],"fullName":"DevFlow 原生执行与终局核验单元测试 NativeRunRecordReader 缺少宿主执行记录时判定证据不完整","status":"passed","title":"缺少宿主执行记录时判定证据不完整","duration":32.02710000000002,"failureMessages":[],"meta":{},"tags":[]},{"ancestorTitles":["DevFlow 原生执行与终局核验单元测试","WorkspaceFingerprintService"],"fullName":"DevFlow 原生执行与终局核验单元测试 WorkspaceFingerprintService 排除依赖目录与测试报告，源码变更时指纹更新","status":"passed","title":"排除依赖目录与测试报告，源码变更时指纹更新","duration":73.00599999999986,"failureMessages":[],"meta":{},"tags":[]},{"ancestorTitles":["DevFlow 原生执行与终局核验单元测试","BufferedEventSink"],"fullName":"DevFlow 原生执行与终局核验单元测试 BufferedEventSink 达到阈值或超时触发 flush","status":"passed","title":"达到阈值或超时触发 flush","duration":122.49779999999987,"failureMessages":[],"meta":{},"tags":[]},{"ancestorTitles":["DevFlow 原生执行与终局核验单元测试","EvidenceValidator"],"fullName":"DevFlow 原生执行与终局核验单元测试 EvidenceValidator 所有证据完整且宿主事实匹配时终局核验成功","status":"passed","title":"所有证据完整且宿主事实匹配时终局核验成功","duration":1145.8923000000002,"failureMessages":[],"meta":{},"tags":[]},{"ancestorTitles":["DevFlow 原生执行与终局核验单元测试","EvidenceValidator"],"fullName":"DevFlow 原生执行与终局核验单元测试 EvidenceValidator 缺报告、用例失败、伪报退出码时一次性汇总所有 issues","status":"passed","title":"缺报告、用例失败、伪报退出码时一次性汇总所有 issues","duration":296.83200000000033,"failureMessages":[],"meta":{},"tags":[]}],"startTime":1789538878866,"endTime":1789538880726.832,"status":"passed","message":"","name":"C:/Code/system-handle/tests/unit/native-devflow.test.ts"},{"assertionResults":[{"ancestorTitles":[],"fullName":"extracts only known host metadata and rejects ambiguous or truncated payloads","status":"passed","title":"extracts only known host metadata and rejects ambiguous or truncated payloads","duration":13.7967000000001,"failureMessages":[],"meta":{},"tags":[]},{"ancestorTitles":[],"fullName":"takes exit status only from the host envelope, never stdout or model prose","status":"passed","title":"takes exit status only from the host envelope, never stdout or model prose","duration":2.526100000000042,"failureMessages":[],"meta":{},"tags":[]},{"ancestorTitles":[],"fullName":"reads only the matching conversation and step and does not certify missing output","status":"passed","title":"reads only the matching conversation and step and does not certify missing output","duration":50.197,"failureMessages":[],"meta":{},"tags":[]}],"startTime":1789538891510,"endTime":1789538891577.197,"status":"passed","message":"","name":"C:/Code/system-handle/tests/unit/native-record-source.test.ts"},{"assertionResults":[{"ancestorTitles":["native evidence boundaries and bounded telemetry"],"fullName":"native evidence boundaries and bounded telemetry backpressure waits without overlapping writes or calling external callbacks","status":"passed","title":"backpressure waits without overlapping writes or calling external callbacks","duration":14.850400000000036,"failureMessages":[],"meta":{},"tags":[]},{"ancestorTitles":["native evidence boundaries and bounded telemetry"],"fullName":"native evidence boundaries and bounded telemetry write rejection is sticky, propagated, and never produces unhandled rejection","status":"passed","title":"write rejection is sticky, propagated, and never produces unhandled rejection","duration":5.471700000000055,"failureMessages":[],"meta":{},"tags":[]},{"ancestorTitles":["native evidence boundaries and bounded telemetry"],"fullName":"native evidence boundaries and bounded telemetry keeps split UTF8 intact and close waits for physical completion","status":"passed","title":"keeps split UTF8 intact and close waits for physical completion","duration":36.92800000000011,"failureMessages":[],"meta":{},"tags":[]},{"ancestorTitles":["native evidence boundaries and bounded telemetry"],"fullName":"native evidence boundaries and bounded telemetry does not invent an end time or trust a duplicate call ID","status":"passed","title":"does not invent an end time or trust a duplicate call ID","duration":4.258299999999963,"failureMessages":[],"meta":{},"tags":[]},{"ancestorTitles":["native evidence boundaries and bounded telemetry"],"fullName":"native evidence boundaries and bounded telemetry required command matching rejects echo, compositions and extra arguments","status":"passed","title":"required command matching rejects echo, compositions and extra arguments","duration":2.6586999999999534,"failureMessages":[],"meta":{},"tags":[]},{"ancestorTitles":["native evidence boundaries and bounded telemetry"],"fullName":"native evidence boundaries and bounded telemetry records a real node test result against observed start/end inputs, never reruns it","status":"passed","title":"records a real node test result against observed start/end inputs, never reruns it","duration":385.2992999999999,"failureMessages":[],"meta":{},"tags":[]},{"ancestorTitles":["native evidence boundaries and bounded telemetry"],"fullName":"native evidence boundaries and bounded telemetry DONE-only history cannot certify current inputs","status":"passed","title":"DONE-only history cannot certify current inputs","duration":4.421000000000049,"failureMessages":[],"meta":{},"tags":[]},{"ancestorTitles":["native evidence boundaries and bounded telemetry"],"fullName":"native evidence boundaries and bounded telemetry does not attach a preexisting unchanged report to a later unrelated command","status":"passed","title":"does not attach a preexisting unchanged report to a later unrelated command","duration":31.327399999999898,"failureMessages":[],"meta":{},"tags":[]},{"ancestorTitles":["native evidence boundaries and bounded telemetry"],"fullName":"native evidence boundaries and bounded telemetry a code change during a command invalidates its receipt","status":"passed","title":"a code change during a command invalidates its receipt","duration":17.88280000000009,"failureMessages":[],"meta":{},"tags":[]},{"ancestorTitles":["native evidence boundaries and bounded telemetry"],"fullName":"native evidence boundaries and bounded telemetry async terminal completion remains bound to its original command","status":"passed","title":"async terminal completion remains bound to its original command","duration":21.232899999999972,"failureMessages":[],"meta":{},"tags":[]},{"ancestorTitles":["native evidence boundaries and bounded telemetry"],"fullName":"native evidence boundaries and bounded telemetry coalesces 1000 streamed updates while preserving actual usage and redacting credentials","status":"passed","title":"coalesces 1000 streamed updates while preserving actual usage and redacting credentials","duration":54.45779999999991,"failureMessages":[],"meta":{},"tags":[]},{"ancestorTitles":[],"fullName":"handles multibyte UTF8 even when the configured byte window is one","status":"passed","title":"handles multibyte UTF8 even when the configured byte window is one","duration":1.7968000000000757,"failureMessages":[],"meta":{},"tags":[]}],"startTime":1789538883166,"endTime":1789538883750.7969,"status":"passed","message":"","name":"C:/Code/system-handle/tests/unit/native-safety.test.ts"},{"assertionResults":[{"ancestorTitles":[],"fullName":"UT-15 browser evidence records only observed assertions and fails missing values","status":"passed","title":"UT-15 browser evidence records only observed assertions and fails missing values","duration":23.98929999999973,"failureMessages":[],"meta":{},"tags":[]},{"ancestorTitles":[],"fullName":"UT-05 agy grants are scoped to a unique project and never permit native commands","status":"passed","title":"UT-05 agy grants are scoped to a unique project and never permit native commands","duration":67.3105999999998,"failureMessages":[],"meta":{},"tags":[]},{"ancestorTitles":[],"fullName":"UT-15 browser scenes cannot enter controller approval even if an origin is misconfigured","status":"passed","title":"UT-15 browser scenes cannot enter controller approval even if an origin is misconfigured","duration":110.54050000000007,"failureMessages":[],"meta":{},"tags":[]}],"startTime":1789538888483,"endTime":1789538888685.5405,"status":"passed","message":"","name":"C:/Code/system-handle/tests/unit/recipe.test.ts"},{"assertionResults":[{"ancestorTitles":[],"fullName":"UT-16 Codex wire schema uses explicit repository keys and closed required properties","status":"passed","title":"UT-16 Codex wire schema uses explicit repository keys and closed required properties","duration":37.37390000000005,"failureMessages":[],"meta":{},"tags":[]}],"startTime":1789538893745,"endTime":1789538893782.3738,"status":"passed","message":"","name":"C:/Code/system-handle/tests/unit/review-output.test.ts"},{"assertionResults":[{"ancestorTitles":[],"fullName":"DF-STAGE-U02 one deadline includes preparation time","status":"passed","title":"DF-STAGE-U02 one deadline includes preparation time","duration":5227.360699999999,"failureMessages":[],"meta":{},"tags":[]},{"ancestorTitles":[],"fullName":"DF-STAGE-U03 credential grace never authorizes expired run","status":"passed","title":"DF-STAGE-U03 credential grace never authorizes expired run","duration":4464.8467,"failureMessages":[],"meta":{},"tags":[]},{"ancestorTitles":[],"fullName":"DF-STAGE-U04 first termination reason wins","status":"passed","title":"DF-STAGE-U04 first termination reason wins","duration":156.78700000000026,"failureMessages":[],"meta":{},"tags":[]}],"startTime":1789538854646,"endTime":1789538864496.787,"status":"passed","message":"","name":"C:/Code/system-handle/tests/unit/run-deadline.test.ts"},{"assertionResults":[{"ancestorTitles":[],"fullName":"DF-STAGE-U05 policy reasons stay distinct from model auth","status":"passed","title":"DF-STAGE-U05 policy reasons stay distinct from model auth","duration":7.023899999999912,"failureMessages":[],"meta":{},"tags":[]},{"ancestorTitles":[],"fullName":"DF-STAGE-U06 timeout without result retains TIMEOUT","status":"passed","title":"DF-STAGE-U06 timeout without result retains TIMEOUT","duration":8.712399999999889,"failureMessages":[],"meta":{},"tags":[]},{"ancestorTitles":[],"fullName":"DF-STAGE-U07 exit 130 alone does not prove timeout","status":"passed","title":"DF-STAGE-U07 exit 130 alone does not prove timeout","duration":2.7819999999999254,"failureMessages":[],"meta":{},"tags":[]}],"startTime":1789538894952,"endTime":1789538894970.782,"status":"passed","message":"","name":"C:/Code/system-handle/tests/unit/run-failure.test.ts"},{"assertionResults":[{"ancestorTitles":[],"fullName":"DF-STAGE-U01 rejects missing isolated preview environment","status":"passed","title":"DF-STAGE-U01 rejects missing isolated preview environment","duration":1243.4652,"failureMessages":[],"meta":{},"tags":[]}],"startTime":1789538880177,"endTime":1789538881420.465,"status":"passed","message":"","name":"C:/Code/system-handle/tests/unit/stage-adapter.test.ts"},{"assertionResults":[{"ancestorTitles":[],"fullName":"UT-03 transaction rollback removes events and idempotency prevents duplicate transitions","status":"passed","title":"UT-03 transaction rollback removes events and idempotency prevents duplicate transitions","duration":132.29999999999995,"failureMessages":[],"meta":{},"tags":[]},{"ancestorTitles":[],"fullName":"UT-04 human proofs cannot approve a different plan revision","status":"passed","title":"UT-04 human proofs cannot approve a different plan revision","duration":132.73489999999993,"failureMessages":[],"meta":{},"tags":[]},{"ancestorTitles":[],"fullName":"UT-05 revoked and foreign worker credentials are rejected","status":"passed","title":"UT-05 revoked and foreign worker credentials are rejected","duration":40.025499999999965,"failureMessages":[],"meta":{},"tags":[]},{"ancestorTitles":[],"fullName":"UT-08 resource acquisition is atomic, fenced and cannot steal expired leases","status":"passed","title":"UT-08 resource acquisition is atomic, fenced and cannot steal expired leases","duration":42.01909999999998,"failureMessages":[],"meta":{},"tags":[]},{"ancestorTitles":[],"fullName":"UT-08 scheduler rotates projects and retains per-project order","status":"passed","title":"UT-08 scheduler rotates projects and retains per-project order","duration":29.726899999999887,"failureMessages":[],"meta":{},"tags":[]},{"ancestorTitles":[],"fullName":"UT-18 restart revokes live runs without marking stale leases free","status":"passed","title":"UT-18 restart revokes live runs without marking stale leases free","duration":38.17689999999993,"failureMessages":[],"meta":{},"tags":[]}],"startTime":1789538885548,"endTime":1789538885965.177,"status":"passed","message":"","name":"C:/Code/system-handle/tests/unit/state.test.ts"},{"assertionResults":[{"ancestorTitles":["三层测试合同"],"fullName":"三层测试合同 native-v2 plans need only unit/integration/E2E, without an OpenTabs exemption","status":"passed","title":"native-v2 plans need only unit/integration/E2E, without an OpenTabs exemption","duration":88.30780000000004,"failureMessages":[],"meta":{},"tags":[]},{"ancestorTitles":["三层测试合同"],"fullName":"三层测试合同 legacy plans need only unit/integration/E2E, without an OpenTabs exemption","status":"passed","title":"legacy plans need only unit/integration/E2E, without an OpenTabs exemption","duration":3.3507999999999356,"failureMessages":[],"meta":{},"tags":[]},{"ancestorTitles":["三层测试合同"],"fullName":"三层测试合同 missing unit still blocks submission unless explicitly exempted","status":"passed","title":"missing unit still blocks submission unless explicitly exempted","duration":8.446299999999837,"failureMessages":[],"meta":{},"tags":[]},{"ancestorTitles":["三层测试合同"],"fullName":"三层测试合同 missing integration still blocks submission unless explicitly exempted","status":"passed","title":"missing integration still blocks submission unless explicitly exempted","duration":7.141100000000051,"failureMessages":[],"meta":{},"tags":[]},{"ancestorTitles":["三层测试合同"],"fullName":"三层测试合同 missing e2e still blocks submission unless explicitly exempted","status":"passed","title":"missing e2e still blocks submission unless explicitly exempted","duration":6.158999999999878,"failureMessages":[],"meta":{},"tags":[]},{"ancestorTitles":["三层测试合同"],"fullName":"三层测试合同 rejects a new native fourth layer but can still parse and validate legacy browser records","status":"passed","title":"rejects a new native fourth layer but can still parse and validate legacy browser records","duration":3.598899999999958,"failureMessages":[],"meta":{},"tags":[]},{"ancestorTitles":["三层测试合同"],"fullName":"三层测试合同 cannot mark a tested layer exempt to bypass its results","status":"passed","title":"cannot mark a tested layer exempt to bypass its results","duration":1.9547999999999774,"failureMessages":[],"meta":{},"tags":[]}],"startTime":1789538890443,"endTime":1789538890562.9548,"status":"passed","message":"","name":"C:/Code/system-handle/tests/unit/testing-layers.test.ts"}]}